#
# There is insufficient memory for the Java Runtime Environment to continue.
# Native memory allocation (mmap) failed to map 76546048 bytes for committing reserved memory.
# Possible reasons:
#   The system is out of physical RAM or swap space
#   In 32 bit mode, the process size limit was hit
# Possible solutions:
#   Reduce memory load on the system
#   Increase physical memory or swap space
#   Check if swap backing store is full
#   Use 64 bit Java on a 64 bit OS
#   Decrease Java heap size (-Xmx/-Xms)
#   Decrease number of Java threads
#   Decrease Java thread stack sizes (-Xss)
#   Set larger code cache with -XX:ReservedCodeCacheSize=
# This output file may be truncated or incomplete.
#
#  Out of Memory Error (os_linux.cpp:2673), pid=7974, tid=140364785321728
#
# JRE version: Java(TM) SE Runtime Environment (8.0_51-b16) (build 1.8.0_51-b16)
# Java VM: Java HotSpot(TM) 64-Bit Server VM (25.51-b03 mixed mode linux-amd64 compressed oops)
# Failed to write core dump. Core dumps have been disabled. To enable core dumping, try "ulimit -c unlimited" before starting Java again
#

---------------  T H R E A D  ---------------

Current thread (0x00007fa950078000):  VMThread [stack: 0x00007fa9391b0000,0x00007fa9392b1000] [id=7985]

Stack: [0x00007fa9391b0000,0x00007fa9392b1000],  sp=0x00007fa9392af1e0,  free space=1020k
Native frames: (J=compiled Java code, j=interpreted, Vv=VM code, C=native code)
V  [libjvm.so+0xaaccfa]  VMError::report_and_die()+0x2ba
V  [libjvm.so+0x4f333b]  report_vm_out_of_memory(char const*, int, unsigned long, VMErrorType, char const*)+0x8b
V  [libjvm.so+0x90ea23]  os::Linux::commit_memory_impl(char*, unsigned long, bool)+0x103
V  [libjvm.so+0x90ef79]  os::pd_commit_memory(char*, unsigned long, unsigned long, bool)+0x29
V  [libjvm.so+0x9088da]  os::commit_memory(char*, unsigned long, unsigned long, bool)+0x2a
V  [libjvm.so+0x97bd23]  PSVirtualSpace::expand_by(unsigned long)+0x53
V  [libjvm.so+0x97d128]  PSYoungGen::resize_generation(unsigned long, unsigned long)+0xf8
V  [libjvm.so+0x97c282]  PSYoungGen::resize(unsigned long, unsigned long)+0x22
V  [libjvm.so+0x97955b]  PSScavenge::invoke_no_policy()+0xf7b
V  [libjvm.so+0x979ce1]  PSScavenge::invoke()+0x41
V  [libjvm.so+0x9322b0]  ParallelScavengeHeap::failed_mem_allocate(unsigned long)+0x70
V  [libjvm.so+0xaae537]  VM_ParallelGCFailedAllocation::doit()+0x97
V  [libjvm.so+0xab5d25]  VM_Operation::evaluate()+0x55
V  [libjvm.so+0xab40fa]  VMThread::evaluate_operation(VM_Operation*)+0xba
V  [libjvm.so+0xab447e]  VMThread::loop()+0x1ce
V  [libjvm.so+0xab48f0]  VMThread::run()+0x70
V  [libjvm.so+0x911048]  java_start(Thread*)+0x108

VM_Operation (0x00007fa957953d60): ParallelGCFailedAllocation, mode: safepoint, requested by thread 0x00007fa95000a800


---------------  P R O C E S S  ---------------

Java Threads: ( => current thread )
  0x00007fa9500c9800 JavaThread "Service Thread" daemon [_thread_blocked, id=7992, stack(0x00007fa9383c7000,0x00007fa9384c8000)]
  0x00007fa9500bc000 JavaThread "C1 CompilerThread2" daemon [_thread_blocked, id=7991, stack(0x00007fa9384c8000,0x00007fa9385c9000)]
  0x00007fa9500ba800 JavaThread "C2 CompilerThread1" daemon [_thread_blocked, id=7990, stack(0x00007fa9385c9000,0x00007fa9386ca000)]
  0x00007fa9500b7800 JavaThread "C2 CompilerThread0" daemon [_thread_blocked, id=7989, stack(0x00007fa9386ca000,0x00007fa9387cb000)]
  0x00007fa9500b6000 JavaThread "Signal Dispatcher" daemon [_thread_blocked, id=7988, stack(0x00007fa9387cb000,0x00007fa9388cc000)]
  0x00007fa95007f800 JavaThread "Finalizer" daemon [_thread_blocked, id=7987, stack(0x00007fa938fae000,0x00007fa9390af000)]
  0x00007fa95007d800 JavaThread "Reference Handler" daemon [_thread_blocked, id=7986, stack(0x00007fa9390af000,0x00007fa9391b0000)]
  0x00007fa95000a800 JavaThread "main" [_thread_blocked, id=7980, stack(0x00007fa957855000,0x00007fa957956000)]

Other Threads:
=>0x00007fa950078000 VMThread [stack: 0x00007fa9391b0000,0x00007fa9392b1000] [id=7985]
  0x00007fa9500cc000 WatcherThread [stack: 0x00007fa9382c6000,0x00007fa9383c7000] [id=7993]

VM state:at safepoint (normal execution)

VM Mutex/Monitor currently owned by a thread:  ([mutex/lock_event])
[0x00007fa950006b90] Threads_lock - owner thread: 0x00007fa950078000
[0x00007fa950007090] Heap_lock - owner thread: 0x00007fa95000a800

Heap:
 PSYoungGen      total 66048K, used 2560K [0x00000000eab00000, 0x00000000eee00000, 0x0000000100000000)
  eden space 63488K, 0% used [0x00000000eab00000,0x00000000eab00000,0x00000000ee900000)
  from space 2560K, 100% used [0x00000000ee900000,0x00000000eeb80000,0x00000000eeb80000)
  to   space 2560K, 0% used [0x00000000eeb80000,0x00000000eeb80000,0x00000000eee00000)
 ParOldGen       total 42496K, used 15899K [0x00000000c0000000, 0x00000000c2980000, 0x00000000eab00000)
  object space 42496K, 37% used [0x00000000c0000000,0x00000000c0f86c08,0x00000000c2980000)
 Metaspace       used 7441K, capacity 8056K, committed 8192K, reserved 1056768K
  class space    used 701K, capacity 752K, committed 768K, reserved 1048576K

Card table byte_map: [0x00007fa95442f000,0x00007fa954630000] byte_map_base: 0x00007fa953e2f000

Marking Bits: (ParMarkBitMap*) 0x00007fa956d2e660
 Begin Bits: [0x00007fa93a000000, 0x00007fa93b000000)
 End Bits:   [0x00007fa93b000000, 0x00007fa93c000000)

Polling page: 0x00007fa957975000

CodeCache: size=245760Kb used=8753Kb max_used=8754Kb free=237007Kb
 bounds [0x00007fa941000000, 0x00007fa9418a0000, 0x00007fa950000000]
 total_blobs=2860 nmethods=2568 adapters=207
 compilation: enabled

Compilation events (10 events):
Event: 4,981 Thread 0x00007fa9500bc000 2621       2       com.android.dx.io.instructions.InstructionCodec$17::encode (29 bytes)
Event: 4,982 Thread 0x00007fa9500bc000 nmethod 2621 0x00007fa941889b50 code [0x00007fa941889d00, 0x00007fa941889fc8]
Event: 4,986 Thread 0x00007fa9500bc000 2622       2       com.android.dx.io.instructions.ZeroRegisterDecodedInstruction::withIndex (29 bytes)
Event: 4,987 Thread 0x00007fa9500bc000 nmethod 2622 0x00007fa941889710 code [0x00007fa941889880, 0x00007fa941889a88]
Event: 5,043 Thread 0x00007fa9500bc000 2627       2       com.android.dx.io.instructions.BaseCodeCursor::baseAddressForCursor (25 bytes)
Event: 5,044 Thread 0x00007fa9500bc000 nmethod 2627 0x00007fa941889210 code [0x00007fa941889380, 0x00007fa941889598]
Event: 5,044 Thread 0x00007fa9500bc000 2626       1       com.android.dx.io.instructions.PackedSwitchPayloadDecodedInstruction::getTargets (5 bytes)
Event: 5,045 Thread 0x00007fa9500bc000 nmethod 2626 0x00007fa941888f50 code [0x00007fa9418890a0, 0x00007fa9418891b0]
Event: 5,045 Thread 0x00007fa9500bc000 2628       1       com.android.dx.io.instructions.PackedSwitchPayloadDecodedInstruction::getFirstKey (5 bytes)
Event: 5,045 Thread 0x00007fa9500bc000 nmethod 2628 0x00007fa941888c90 code [0x00007fa941888de0, 0x00007fa941888ef0]

GC Heap History (9 events):
Event: 1,222 GC heap before
{Heap before GC invocations=1 (full 0):
 PSYoungGen      total 18432K, used 15872K [0x00000000eab00000, 0x00000000ebf80000, 0x0000000100000000)
  eden space 15872K, 100% used [0x00000000eab00000,0x00000000eba80000,0x00000000eba80000)
  from space 2560K, 0% used [0x00000000ebd00000,0x00000000ebd00000,0x00000000ebf80000)
  to   space 2560K, 0% used [0x00000000eba80000,0x00000000eba80000,0x00000000ebd00000)
 ParOldGen       total 42496K, used 0K [0x00000000c0000000, 0x00000000c2980000, 0x00000000eab00000)
  object space 42496K, 0% used [0x00000000c0000000,0x00000000c0000000,0x00000000c2980000)
 Metaspace       used 5369K, capacity 6704K, committed 6784K, reserved 1056768K
  class space    used 542K, capacity 616K, committed 640K, reserved 1048576K
Event: 1,240 GC heap after
Heap after GC invocations=1 (full 0):
 PSYoungGen      total 18432K, used 2528K [0x00000000eab00000, 0x00000000ecf00000, 0x0000000100000000)
  eden space 15872K, 0% used [0x00000000eab00000,0x00000000eab00000,0x00000000eba80000)
  from space 2560K, 98% used [0x00000000eba80000,0x00000000ebcf8038,0x00000000ebd00000)
  to   space 2560K, 0% used [0x00000000ecc80000,0x00000000ecc80000,0x00000000ecf00000)
 ParOldGen       total 42496K, used 1325K [0x00000000c0000000, 0x00000000c2980000, 0x00000000eab00000)
  object space 42496K, 3% used [0x00000000c0000000,0x00000000c014b7d0,0x00000000c2980000)
 Metaspace       used 5369K, capacity 6704K, committed 6784K, reserved 1056768K
  class space    used 542K, capacity 616K, committed 640K, reserved 1048576K
}
Event: 1,799 GC heap before
{Heap before GC invocations=2 (full 0):
 PSYoungGen      total 18432K, used 18400K [0x00000000eab00000, 0x00000000ecf00000, 0x0000000100000000)
  eden space 15872K, 100% used [0x00000000eab00000,0x00000000eba80000,0x00000000eba80000)
  from space 2560K, 98% used [0x00000000eba80000,0x00000000ebcf8038,0x00000000ebd00000)
  to   space 2560K, 0% used [0x00000000ecc80000,0x00000000ecc80000,0x00000000ecf00000)
 ParOldGen       total 42496K, used 1325K [0x00000000c0000000, 0x00000000c2980000, 0x00000000eab00000)
  object space 42496K, 3% used [0x00000000c0000000,0x00000000c014b7d0,0x00000000c2980000)
 Metaspace       used 5594K, capacity 6896K, committed 7040K, reserved 1056768K
  class space    used 546K, capacity 616K, committed 640K, reserved 1048576K
Event: 1,823 GC heap after
Heap after GC invocations=2 (full 0):
 PSYoungGen      total 34304K, used 2528K [0x00000000eab00000, 0x00000000ecf00000, 0x0000000100000000)
  eden space 31744K, 0% used [0x00000000eab00000,0x00000000eab00000,0x00000000eca00000)
  from space 2560K, 98% used [0x00000000ecc80000,0x00000000ecef8038,0x00000000ecf00000)
  to   space 2560K, 0% used [0x00000000eca00000,0x00000000eca00000,0x00000000ecc80000)
 ParOldGen       total 42496K, used 3626K [0x00000000c0000000, 0x00000000c2980000, 0x00000000eab00000)
  object space 42496K, 8% used [0x00000000c0000000,0x00000000c038a970,0x00000000c2980000)
 Metaspace       used 5594K, capacity 6896K, committed 7040K, reserved 1056768K
  class space    used 546K, capacity 616K, committed 640K, reserved 1048576K
}
Event: 2,559 GC heap before
{Heap before GC invocations=3 (full 0):
 PSYoungGen      total 34304K, used 34272K [0x00000000eab00000, 0x00000000ecf00000, 0x0000000100000000)
  eden space 31744K, 100% used [0x00000000eab00000,0x00000000eca00000,0x00000000eca00000)
  from space 2560K, 98% used [0x00000000ecc80000,0x00000000ecef8038,0x00000000ecf00000)
  to   space 2560K, 0% used [0x00000000eca00000,0x00000000eca00000,0x00000000ecc80000)
 ParOldGen       total 42496K, used 3626K [0x00000000c0000000, 0x00000000c2980000, 0x00000000eab00000)
  object space 42496K, 8% used [0x00000000c0000000,0x00000000c038a970,0x00000000c2980000)
 Metaspace       used 5693K, capacity 6960K, committed 7040K, reserved 1056768K
  class space    used 546K, capacity 616K, committed 640K, reserved 1048576K
Event: 2,587 GC heap after
Heap after GC invocations=3 (full 0):
 PSYoungGen      total 34304K, used 2560K [0x00000000eab00000, 0x00000000eee00000, 0x0000000100000000)
  eden space 31744K, 0% used [0x00000000eab00000,0x00000000eab00000,0x00000000eca00000)
  from space 2560K, 100% used [0x00000000eca00000,0x00000000ecc80000,0x00000000ecc80000)
  to   space 2560K, 0% used [0x00000000eeb80000,0x00000000eeb80000,0x00000000eee00000)
 ParOldGen       total 42496K, used 7878K [0x00000000c0000000, 0x00000000c2980000, 0x00000000eab00000)
  object space 42496K, 18% used [0x00000000c0000000,0x00000000c07b19f8,0x00000000c2980000)
 Metaspace       used 5693K, capacity 6960K, committed 7040K, reserved 1056768K
  class space    used 546K, capacity 616K, committed 640K, reserved 1048576K
}
Event: 3,449 GC heap before
{Heap before GC invocations=4 (full 0):
 PSYoungGen      total 34304K, used 34304K [0x00000000eab00000, 0x00000000eee00000, 0x0000000100000000)
  eden space 31744K, 100% used [0x00000000eab00000,0x00000000eca00000,0x00000000eca00000)
  from space 2560K, 100% used [0x00000000eca00000,0x00000000ecc80000,0x00000000ecc80000)
  to   space 2560K, 0% used [0x00000000eeb80000,0x00000000eeb80000,0x00000000eee00000)
 ParOldGen       total 42496K, used 7878K [0x00000000c0000000, 0x00000000c2980000, 0x00000000eab00000)
  object space 42496K, 18% used [0x00000000c0000000,0x00000000c07b19f8,0x00000000c2980000)
 Metaspace       used 6062K, capacity 7280K, committed 7552K, reserved 1056768K
  class space    used 567K, capacity 616K, committed 640K, reserved 1048576K
Event: 3,495 GC heap after
Heap after GC invocations=4 (full 0):
 PSYoungGen      total 66048K, used 2554K [0x00000000eab00000, 0x00000000eee00000, 0x0000000100000000)
  eden space 63488K, 0% used [0x00000000eab00000,0x00000000eab00000,0x00000000ee900000)
  from space 2560K, 99% used [0x00000000eeb80000,0x00000000eedfe970,0x00000000eee00000)
  to   space 2560K, 0% used [0x00000000ee900000,0x00000000ee900000,0x00000000eeb80000)
 ParOldGen       total 42496K, used 12277K [0x00000000c0000000, 0x00000000c2980000, 0x00000000eab00000)
  object space 42496K, 28% used [0x00000000c0000000,0x00000000c0bfd6b0,0x00000000c2980000)
 Metaspace       used 6062K, capacity 7280K, committed 7552K, reserved 1056768K
  class space    used 567K, capacity 616K, committed 640K, reserved 1048576K
}
Event: 5,050 GC heap before
{Heap before GC invocations=5 (full 0):
 PSYoungGen      total 66048K, used 66042K [0x00000000eab00000, 0x00000000eee00000, 0x0000000100000000)
  eden space 63488K, 100% used [0x00000000eab00000,0x00000000ee900000,0x00000000ee900000)
  from space 2560K, 99% used [0x00000000eeb80000,0x00000000eedfe970,0x00000000eee00000)
  to   space 2560K, 0% used [0x00000000ee900000,0x00000000ee900000,0x00000000eeb80000)
 ParOldGen       total 42496K, used 12277K [0x00000000c0000000, 0x00000000c2980000, 0x00000000eab00000)
  object space 42496K, 28% used [0x00000000c0000000,0x00000000c0bfd6b0,0x00000000c2980000)
 Metaspace       used 7441K, capacity 8056K, committed 8192K, reserved 1056768K
  class space    used 701K, capacity 752K, committed 768K, reserved 1048576K

Deoptimization events (10 events):
Event: 3,521 Thread 0x00007fa95000a800 Uncommon trap: reason=unstable_if action=reinterpret pc=0x00007fa94169d9fc method=com.android.dx.util.ByteArrayAnnotatedOutput.ensureCapacity(I)V @ 6
Event: 3,546 Thread 0x00007fa95000a800 Uncommon trap: reason=unstable_if action=reinterpret pc=0x00007fa9416ba160 method=com.android.dx.util.ByteArrayAnnotatedOutput.writeByte(I)V @ 13
Event: 3,645 Thread 0x00007fa95000a800 Uncommon trap: reason=unstable_if action=reinterpret pc=0x00007fa9416dd534 method=com.android.dx.util.ByteArrayAnnotatedOutput.writeUleb128(I)I @ 4
Event: 3,645 Thread 0x00007fa95000a800 Uncommon trap: reason=unstable_if action=reinterpret pc=0x00007fa9416c2310 method=com.android.dx.util.ByteArrayAnnotatedOutput.writeByte(I)V @ 13
Event: 3,702 Thread 0x00007fa95000a800 Uncommon trap: reason=unstable_if action=reinterpret pc=0x00007fa9412e5620 method=java.util.Arrays.copyOf([Ljava/lang/Object;ILjava/lang/Class;)[Ljava/lang/Object; @ 3
Event: 4,157 Thread 0x00007fa95000a800 Uncommon trap: reason=unstable_if action=reinterpret pc=0x00007fa9417517a4 method=com.android.dex.Mutf8.decode(Lcom/android/dex/util/ByteInput;[C)Ljava/lang/String; @ 37
Event: 4,183 Thread 0x00007fa95000a800 Uncommon trap: reason=predicate action=maybe_recompile pc=0x00007fa9417a833c method=com.android.dex.Leb128.readUnsignedLeb128(Lcom/android/dex/util/ByteInput;)I @ 41
Event: 4,188 Thread 0x00007fa95000a800 Uncommon trap: reason=unstable_if action=reinterpret pc=0x00007fa941790e10 method=java.util.HashMap.putVal(ILjava/lang/Object;Ljava/lang/Object;ZZ)Ljava/lang/Object; @ 162
Event: 4,489 Thread 0x00007fa95000a800 Uncommon trap: reason=unstable_if action=reinterpret pc=0x00007fa9412733ac method=java.util.HashMap.getNode(ILjava/lang/Object;)Ljava/util/HashMap$Node; @ 84
Event: 4,495 Thread 0x00007fa95000a800 Uncommon trap: reason=unstable_if action=reinterpret pc=0x00007fa941203c38 method=java.util.HashMap.getNode(ILjava/lang/Object;)Ljava/util/HashMap$Node; @ 84

Internal exceptions (5 events):
Event: 0,103 Thread 0x00007fa95000a800 Exception <a 'java/lang/NoSuchMethodError': Method sun.misc.Unsafe.defineClass(Ljava/lang/String;[BII)Ljava/lang/Class; name or signature does not match> (0x00000000eab12708) thrown at [/HUDSON/workspace/8-2-build-linux-amd64/jdk8u51/3951/hotspot/src/shar
Event: 0,103 Thread 0x00007fa95000a800 Exception <a 'java/lang/NoSuchMethodError': Method sun.misc.Unsafe.prefetchRead(Ljava/lang/Object;J)V name or signature does not match> (0x00000000eab12998) thrown at [/HUDSON/workspace/8-2-build-linux-amd64/jdk8u51/3951/hotspot/src/share/vm/prims/jni.cpp
Event: 1,247 Thread 0x00007fa95000a800 Implicit null exception at 0x00007fa9413137e2 to 0x00007fa9413138e5
Event: 1,765 Thread 0x00007fa95000a800 Implicit null exception at 0x00007fa941417e91 to 0x00007fa941419641
Event: 1,765 Thread 0x00007fa95000a800 Implicit null exception at 0x00007fa9413f5f7b to 0x00007fa9413f747d

Events (10 events):
Event: 4,506 Thread 0x00007fa95000a800 DEOPT UNPACKING pc=0x00007fa941047233 sp=0x00007fa957953fc0 mode 0
Event: 4,517 Thread 0x00007fa95000a800 DEOPT PACKING pc=0x00007fa9417ba98e sp=0x00007fa957954260
Event: 4,517 Thread 0x00007fa95000a800 DEOPT UNPACKING pc=0x00007fa941047233 sp=0x00007fa957953fb0 mode 0
Event: 4,525 Thread 0x00007fa95000a800 DEOPT PACKING pc=0x00007fa9417ba98e sp=0x00007fa957954260
Event: 4,525 Thread 0x00007fa95000a800 DEOPT UNPACKING pc=0x00007fa941047233 sp=0x00007fa957953fa0 mode 0
Event: 4,532 Thread 0x00007fa95000a800 DEOPT PACKING pc=0x00007fa9417ba98e sp=0x00007fa957954260
Event: 4,532 Thread 0x00007fa95000a800 DEOPT UNPACKING pc=0x00007fa941047233 sp=0x00007fa957953fa0 mode 0
Event: 4,793 loading class java/util/Collections$EmptyIterator
Event: 4,795 loading class java/util/Collections$EmptyIterator done
Event: 5,050 Executing VM operation: ParallelGCFailedAllocation


Dynamic libraries:
00400000-00401000 r-xp 00000000 08:01 1584714                            /usr/local/java/jdk1.8.0_51/bin/java
00600000-00601000 rw-p 00000000 08:01 1584714                            /usr/local/java/jdk1.8.0_51/bin/java
01bea000-01c0b000 rw-p 00000000 00:00 0                                  [heap]
c0000000-c2980000 rw-p 00000000 00:00 0 
c2980000-eab00000 ---p 00000000 00:00 0 
eab00000-eee00000 rw-p 00000000 00:00 0 
f3700000-100000000 ---p 00000000 00:00 0 
100000000-1000c0000 rw-p 00000000 00:00 0 
1000c0000-140000000 ---p 00000000 00:00 0 
7fa904000000-7fa904021000 rw-p 00000000 00:00 0 
7fa904021000-7fa908000000 ---p 00000000 00:00 0 
7fa908000000-7fa908021000 rw-p 00000000 00:00 0 
7fa908021000-7fa90c000000 ---p 00000000 00:00 0 
7fa90c000000-7fa90c87b000 rw-p 00000000 00:00 0 
7fa90c87b000-7fa910000000 ---p 00000000 00:00 0 
7fa910000000-7fa91062e000 rw-p 00000000 00:00 0 
7fa91062e000-7fa914000000 ---p 00000000 00:00 0 
7fa914000000-7fa914021000 rw-p 00000000 00:00 0 
7fa914021000-7fa918000000 ---p 00000000 00:00 0 
7fa918000000-7fa9189b2000 rw-p 00000000 00:00 0 
7fa9189b2000-7fa91c000000 ---p 00000000 00:00 0 
7fa91c000000-7fa91c021000 rw-p 00000000 00:00 0 
7fa91c021000-7fa920000000 ---p 00000000 00:00 0 
7fa920000000-7fa920021000 rw-p 00000000 00:00 0 
7fa920021000-7fa924000000 ---p 00000000 00:00 0 
7fa924000000-7fa924021000 rw-p 00000000 00:00 0 
7fa924021000-7fa928000000 ---p 00000000 00:00 0 
7fa928000000-7fa92828a000 rw-p 00000000 00:00 0 
7fa92828a000-7fa92c000000 ---p 00000000 00:00 0 
7fa92c000000-7fa92c021000 rw-p 00000000 00:00 0 
7fa92c021000-7fa930000000 ---p 00000000 00:00 0 
7fa934000000-7fa934021000 rw-p 00000000 00:00 0 
7fa934021000-7fa938000000 ---p 00000000 00:00 0 
7fa9382c6000-7fa9382c7000 ---p 00000000 00:00 0 
7fa9382c7000-7fa9383c7000 rw-p 00000000 00:00 0                          [stack:7993]
7fa9383c7000-7fa9383ca000 ---p 00000000 00:00 0 
7fa9383ca000-7fa9384c8000 rw-p 00000000 00:00 0                          [stack:7992]
7fa9384c8000-7fa9384cb000 ---p 00000000 00:00 0 
7fa9384cb000-7fa9385c9000 rw-p 00000000 00:00 0                          [stack:7991]
7fa9385c9000-7fa9385cc000 ---p 00000000 00:00 0 
7fa9385cc000-7fa9386ca000 rw-p 00000000 00:00 0                          [stack:7990]
7fa9386ca000-7fa9386cd000 ---p 00000000 00:00 0 
7fa9386cd000-7fa9387cb000 rw-p 00000000 00:00 0                          [stack:7989]
7fa9387cb000-7fa9387ce000 ---p 00000000 00:00 0 
7fa9387ce000-7fa9388cc000 rw-p 00000000 00:00 0                          [stack:7988]
7fa9388cc000-7fa938fae000 r--p 00000000 08:01 1580040                    /usr/lib/locale/locale-archive
7fa938fae000-7fa938fb1000 ---p 00000000 00:00 0 
7fa938fb1000-7fa9390af000 rw-p 00000000 00:00 0                          [stack:7987]
7fa9390af000-7fa9390b2000 ---p 00000000 00:00 0 
7fa9390b2000-7fa9391b0000 rw-p 00000000 00:00 0                          [stack:7986]
7fa9391b0000-7fa9391b1000 ---p 00000000 00:00 0 
7fa9391b1000-7fa93c000000 rw-p 00000000 00:00 0                          [stack:7985]
7fa93c000000-7fa93c021000 rw-p 00000000 00:00 0 
7fa93c021000-7fa940000000 ---p 00000000 00:00 0 
7fa940003000-7fa940226000 rw-p 00000000 00:00 0 
7fa940226000-7fa9403fe000 r--s 03d0c000 08:01 1578903                    /usr/local/java/jdk1.8.0_51/jre/lib/rt.jar
7fa9403fe000-7fa940b3e000 rw-p 00000000 00:00 0 
7fa940b3e000-7fa940bfe000 ---p 00000000 00:00 0 
7fa940bfe000-7fa940dfe000 rw-p 00000000 00:00 0 
7fa940dfe000-7fa940dff000 ---p 00000000 00:00 0 
7fa940dff000-7fa940eff000 rw-p 00000000 00:00 0                          [stack:7984]
7fa940eff000-7fa940f00000 ---p 00000000 00:00 0 
7fa940f00000-7fa941000000 rw-p 00000000 00:00 0                          [stack:7983]
7fa941000000-7fa9418a0000 rwxp 00000000 00:00 0 
7fa9418a0000-7fa950000000 ---p 00000000 00:00 0 
7fa950000000-7fa9503af000 rw-p 00000000 00:00 0 
7fa9503af000-7fa954000000 ---p 00000000 00:00 0 
7fa95400e000-7fa954012000 r--s 00095000 08:01 1578930                    /usr/local/java/jdk1.8.0_51/jre/lib/jsse.jar
7fa954012000-7fa9540d7000 rw-p 00000000 00:00 0 
7fa9540d7000-7fa9540d8000 ---p 00000000 00:00 0 
7fa9540d8000-7fa9541d8000 rw-p 00000000 00:00 0                          [stack:7982]
7fa9541d8000-7fa9541d9000 ---p 00000000 00:00 0 
7fa9541d9000-7fa9542ee000 rw-p 00000000 00:00 0                          [stack:7981]
7fa9542ee000-7fa95442f000 ---p 00000000 00:00 0 
7fa95442f000-7fa954444000 rw-p 00000000 00:00 0 
7fa954444000-7fa954584000 ---p 00000000 00:00 0 
7fa954584000-7fa9545a6000 rw-p 00000000 00:00 0 
7fa9545a6000-7fa95462f000 ---p 00000000 00:00 0 
7fa95462f000-7fa954653000 rw-p 00000000 00:00 0 
7fa954653000-7fa9549f0000 ---p 00000000 00:00 0 
7fa9549f0000-7fa954a0a000 r-xp 00000000 08:01 1579235                    /usr/local/java/jdk1.8.0_51/jre/lib/amd64/libzip.so
7fa954a0a000-7fa954c0a000 ---p 0001a000 08:01 1579235                    /usr/local/java/jdk1.8.0_51/jre/lib/amd64/libzip.so
7fa954c0a000-7fa954c0b000 rw-p 0001a000 08:01 1579235                    /usr/local/java/jdk1.8.0_51/jre/lib/amd64/libzip.so
7fa954c0b000-7fa954c16000 r-xp 00000000 08:01 5246919                    /lib/x86_64-linux-gnu/libnss_files-2.19.so
7fa954c16000-7fa954e15000 ---p 0000b000 08:01 5246919                    /lib/x86_64-linux-gnu/libnss_files-2.19.so
7fa954e15000-7fa954e16000 r--p 0000a000 08:01 5246919                    /lib/x86_64-linux-gnu/libnss_files-2.19.so
7fa954e16000-7fa954e17000 rw-p 0000b000 08:01 5246919                    /lib/x86_64-linux-gnu/libnss_files-2.19.so
7fa954e17000-7fa954e22000 r-xp 00000000 08:01 5247250                    /lib/x86_64-linux-gnu/libnss_nis-2.19.so
7fa954e22000-7fa955021000 ---p 0000b000 08:01 5247250                    /lib/x86_64-linux-gnu/libnss_nis-2.19.so
7fa955021000-7fa955022000 r--p 0000a000 08:01 5247250                    /lib/x86_64-linux-gnu/libnss_nis-2.19.so
7fa955022000-7fa955023000 rw-p 0000b000 08:01 5247250                    /lib/x86_64-linux-gnu/libnss_nis-2.19.so
7fa955023000-7fa95503a000 r-xp 00000000 08:01 5247239                    /lib/x86_64-linux-gnu/libnsl-2.19.so
7fa95503a000-7fa955239000 ---p 00017000 08:01 5247239                    /lib/x86_64-linux-gnu/libnsl-2.19.so
7fa955239000-7fa95523a000 r--p 00016000 08:01 5247239                    /lib/x86_64-linux-gnu/libnsl-2.19.so
7fa95523a000-7fa95523b000 rw-p 00017000 08:01 5247239                    /lib/x86_64-linux-gnu/libnsl-2.19.so
7fa95523b000-7fa95523d000 rw-p 00000000 00:00 0 
7fa95523d000-7fa955246000 r-xp 00000000 08:01 5247238                    /lib/x86_64-linux-gnu/libnss_compat-2.19.so
7fa955246000-7fa955445000 ---p 00009000 08:01 5247238                    /lib/x86_64-linux-gnu/libnss_compat-2.19.so
7fa955445000-7fa955446000 r--p 00008000 08:01 5247238                    /lib/x86_64-linux-gnu/libnss_compat-2.19.so
7fa955446000-7fa955447000 rw-p 00009000 08:01 5247238                    /lib/x86_64-linux-gnu/libnss_compat-2.19.so
7fa955447000-7fa955471000 r-xp 00000000 08:01 1579227                    /usr/local/java/jdk1.8.0_51/jre/lib/amd64/libjava.so
7fa955471000-7fa955671000 ---p 0002a000 08:01 1579227                    /usr/local/java/jdk1.8.0_51/jre/lib/amd64/libjava.so
7fa955671000-7fa955673000 rw-p 0002a000 08:01 1579227                    /usr/local/java/jdk1.8.0_51/jre/lib/amd64/libjava.so
7fa955673000-7fa955680000 r-xp 00000000 08:01 1579229                    /usr/local/java/jdk1.8.0_51/jre/lib/amd64/libverify.so
7fa955680000-7fa955880000 ---p 0000d000 08:01 1579229                    /usr/local/java/jdk1.8.0_51/jre/lib/amd64/libverify.so
7fa955880000-7fa955882000 rw-p 0000d000 08:01 1579229                    /usr/local/java/jdk1.8.0_51/jre/lib/amd64/libverify.so
7fa955882000-7fa955889000 r-xp 00000000 08:01 5247247                    /lib/x86_64-linux-gnu/librt-2.19.so
7fa955889000-7fa955a88000 ---p 00007000 08:01 5247247                    /lib/x86_64-linux-gnu/librt-2.19.so
7fa955a88000-7fa955a89000 r--p 00006000 08:01 5247247                    /lib/x86_64-linux-gnu/librt-2.19.so
7fa955a89000-7fa955a8a000 rw-p 00007000 08:01 5247247                    /lib/x86_64-linux-gnu/librt-2.19.so
7fa955a8a000-7fa955b8f000 r-xp 00000000 08:01 5242906                    /lib/x86_64-linux-gnu/libm-2.19.so
7fa955b8f000-7fa955d8e000 ---p 00105000 08:01 5242906                    /lib/x86_64-linux-gnu/libm-2.19.so
7fa955d8e000-7fa955d8f000 r--p 00104000 08:01 5242906                    /lib/x86_64-linux-gnu/libm-2.19.so
7fa955d8f000-7fa955d90000 rw-p 00105000 08:01 5242906                    /lib/x86_64-linux-gnu/libm-2.19.so
7fa955d90000-7fa956a3e000 r-xp 00000000 08:01 1579202                    /usr/local/java/jdk1.8.0_51/jre/lib/amd64/server/libjvm.so
7fa956a3e000-7fa956c3e000 ---p 00cae000 08:01 1579202                    /usr/local/java/jdk1.8.0_51/jre/lib/amd64/server/libjvm.so
7fa956c3e000-7fa956d15000 rw-p 00cae000 08:01 1579202                    /usr/local/java/jdk1.8.0_51/jre/lib/amd64/server/libjvm.so
7fa956d15000-7fa956d59000 rw-p 00000000 00:00 0 
7fa956d59000-7fa956f14000 r-xp 00000000 08:01 5247244                    /lib/x86_64-linux-gnu/libc-2.19.so
7fa956f14000-7fa957113000 ---p 001bb000 08:01 5247244                    /lib/x86_64-linux-gnu/libc-2.19.so
7fa957113000-7fa957117000 r--p 001ba000 08:01 5247244                    /lib/x86_64-linux-gnu/libc-2.19.so
7fa957117000-7fa957119000 rw-p 001be000 08:01 5247244                    /lib/x86_64-linux-gnu/libc-2.19.so
7fa957119000-7fa95711e000 rw-p 00000000 00:00 0 
7fa95711e000-7fa957121000 r-xp 00000000 08:01 5247233                    /lib/x86_64-linux-gnu/libdl-2.19.so
7fa957121000-7fa957320000 ---p 00003000 08:01 5247233                    /lib/x86_64-linux-gnu/libdl-2.19.so
7fa957320000-7fa957321000 r--p 00002000 08:01 5247233                    /lib/x86_64-linux-gnu/libdl-2.19.so
7fa957321000-7fa957322000 rw-p 00003000 08:01 5247233                    /lib/x86_64-linux-gnu/libdl-2.19.so
7fa957322000-7fa957337000 r-xp 00000000 08:01 1579928                    /usr/local/java/jdk1.8.0_51/lib/amd64/jli/libjli.so
7fa957337000-7fa957537000 ---p 00015000 08:01 1579928                    /usr/local/java/jdk1.8.0_51/lib/amd64/jli/libjli.so
7fa957537000-7fa957538000 rw-p 00015000 08:01 1579928                    /usr/local/java/jdk1.8.0_51/lib/amd64/jli/libjli.so
7fa957538000-7fa957551000 r-xp 00000000 08:01 5247245                    /lib/x86_64-linux-gnu/libpthread-2.19.so
7fa957551000-7fa957750000 ---p 00019000 08:01 5247245                    /lib/x86_64-linux-gnu/libpthread-2.19.so
7fa957750000-7fa957751000 r--p 00018000 08:01 5247245                    /lib/x86_64-linux-gnu/libpthread-2.19.so
7fa957751000-7fa957752000 rw-p 00019000 08:01 5247245                    /lib/x86_64-linux-gnu/libpthread-2.19.so
7fa957752000-7fa957756000 rw-p 00000000 00:00 0 
7fa957756000-7fa957779000 r-xp 00000000 08:01 5247241                    /lib/x86_64-linux-gnu/ld-2.19.so
7fa95777c000-7fa957855000 rw-p 00000000 00:00 0 
7fa957855000-7fa957858000 ---p 00000000 00:00 0 
7fa957858000-7fa95795a000 rw-p 00000000 00:00 0                          [stack:7980]
7fa95795c000-7fa95795d000 rw-p 00000000 00:00 0 
7fa95795d000-7fa95796c000 r--s 000dd000 00:19 2233621                    /home/ricard/Android/Sdk/build-tools/22.0.1/lib/dx.jar
7fa95796c000-7fa957974000 rw-s 00000000 08:01 3671836                    /tmp/hsperfdata_ricard/7974
7fa957974000-7fa957975000 rw-p 00000000 00:00 0 
7fa957975000-7fa957976000 ---p 00000000 00:00 0 
7fa957976000-7fa957978000 rw-p 00000000 00:00 0 
7fa957978000-7fa957979000 r--p 00022000 08:01 5247241                    /lib/x86_64-linux-gnu/ld-2.19.so
7fa957979000-7fa95797a000 rw-p 00023000 08:01 5247241                    /lib/x86_64-linux-gnu/ld-2.19.so
7fa95797a000-7fa95797b000 rw-p 00000000 00:00 0 
7ffd743d0000-7ffd743f1000 rw-p 00000000 00:00 0                          [stack]
7ffd743fa000-7ffd743fc000 r-xp 00000000 00:00 0                          [vdso]
7ffd743fc000-7ffd743fe000 r--p 00000000 00:00 0                          [vvar]
ffffffffff600000-ffffffffff601000 r-xp 00000000 00:00 0                  [vsyscall]

VM Arguments:
jvm_args: -Xmx1024M -Dfile.encoding=UTF-8 -Duser.country=US -Duser.language=en -Duser.variant 
java_command: com.android.dx.command.Main --dex --output /home/ricard/AndroidStudioProjects/Arbre/app/build/intermediates/dex/debug /home/ricard/AndroidStudioProjects/Arbre/app/build/intermediates/classes/debug /home/ricard/AndroidStudioProjects/Arbre/app/build/intermediates/pre-dexed/debug/support-annotations-22.0.0-e5a999eef44784e3f866b752052d78f83f3f8684.jar /home/ricard/AndroidStudioProjects/Arbre/app/build/intermediates/pre-dexed/debug/httpmime-4.3.5-0a10cf847f0e225d3e679ce686e3d4fbdb7baac5.jar /home/ricard/AndroidStudioProjects/Arbre/app/build/intermediates/pre-dexed/debug/internal_impl-22.0.0-348cd71454350b8b4074991cffb21fe24c15ea5e.jar /home/ricard/AndroidStudioProjects/Arbre/app/build/intermediates/pre-dexed/debug/commons-io-2.4-b067a5cdab849041203da973dbf8353e19fe971d.jar /home/ricard/AndroidStudioProjects/Arbre/app/build/intermediates/pre-dexed/debug/httpcore-4.3.2-b93b06147f85c167b351cfe4501cfbb7803838ba.jar /home/ricard/AndroidStudioProjects/Arbre/app/build/intermediates/pre-dexed/debug/classes-69bd79125408642913ab5533f950c7143d25a649.jar /home/ricard/AndroidStudioProjects/Arbre/app/build/intermediates/pre-dexed/debug/classes-f4e33ef9335f416108b506429c1f849bd967d082.jar /home/ricard/AndroidStudioProjects/Arbre/app/build/intermediates/pre-dexed/debug/classes-869e951c6624cbe0d336d72f77b7f4e35a905e74.jar
java_class_path (initial): /home/ricard/Android/Sdk/build-tools/22.0.1/lib/dx.jar
Launcher Type: SUN_STANDARD

Environment Variables:
JAVA_HOME=/usr/local/java/jdk1.8.0_51
JRE_HOME=/usr/local/java/jdk1.8.0_51/jre
PATH=/usr/local/sbin:/usr/local/bin:/usr/sbin:/usr/bin:/sbin:/bin:/usr/games:/usr/local/games:/home/ricard/bin:/usr/local/java/jdk1.8.0_51/bin:/home/ricard/bin:/usr/local/java/jdk1.8.0_51/jre/bin
SHELL=/bin/bash
DISPLAY=:0

Signal Handlers:
SIGSEGV: [libjvm.so+0xaad540], sa_mask[0]=11111111011111111101111111111110, sa_flags=SA_RESTART|SA_SIGINFO
SIGBUS: [libjvm.so+0xaad540], sa_mask[0]=11111111011111111101111111111110, sa_flags=SA_RESTART|SA_SIGINFO
SIGFPE: [libjvm.so+0x90b6b0], sa_mask[0]=11111111011111111101111111111110, sa_flags=SA_RESTART|SA_SIGINFO
SIGPIPE: [libjvm.so+0x90b6b0], sa_mask[0]=11111111011111111101111111111110, sa_flags=SA_RESTART|SA_SIGINFO
SIGXFSZ: [libjvm.so+0x90b6b0], sa_mask[0]=11111111011111111101111111111110, sa_flags=SA_RESTART|SA_SIGINFO
SIGILL: [libjvm.so+0x90b6b0], sa_mask[0]=11111111011111111101111111111110, sa_flags=SA_RESTART|SA_SIGINFO
SIGUSR1: SIG_DFL, sa_mask[0]=00000000000000000000000000000000, sa_flags=none
SIGUSR2: [libjvm.so+0x90ccf0], sa_mask[0]=00100000000000000000000000000000, sa_flags=SA_RESTART|SA_SIGINFO
SIGHUP: [libjvm.so+0x90e040], sa_mask[0]=11111111011111111101111111111110, sa_flags=SA_RESTART|SA_SIGINFO
SIGINT: [libjvm.so+0x90e040], sa_mask[0]=11111111011111111101111111111110, sa_flags=SA_RESTART|SA_SIGINFO
SIGTERM: [libjvm.so+0x90e040], sa_mask[0]=11111111011111111101111111111110, sa_flags=SA_RESTART|SA_SIGINFO
SIGQUIT: [libjvm.so+0x90e040], sa_mask[0]=11111111011111111101111111111110, sa_flags=SA_RESTART|SA_SIGINFO


---------------  S Y S T E M  ---------------

OS:DISTRIB_ID=Ubuntu
DISTRIB_RELEASE=14.04
DISTRIB_CODENAME=trusty
DISTRIB_DESCRIPTION="Ubuntu 14.04.3 LTS"

uname:Linux 3.16.0-48-generic #64~14.04.1-Ubuntu SMP Thu Aug 20 23:03:57 UTC 2015 x86_64
libc:glibc 2.19 NPTL 2.19 
rlimit: STACK 8192k, CORE 0k, NPROC 15402, NOFILE 4096, AS infinity
load average:1,10 2,08 2,13

/proc/meminfo:
MemTotal:        3972868 kB
MemFree:          129596 kB
MemAvailable:      75796 kB
Buffers:             324 kB
Cached:            42568 kB
SwapCached:            0 kB
Active:          3624652 kB
Inactive:          27724 kB
Active(anon):    3613360 kB
Inactive(anon):    17068 kB
Active(file):      11292 kB
Inactive(file):    10656 kB
Unevictable:          32 kB
Mlocked:              32 kB
SwapTotal:             0 kB
SwapFree:              0 kB
Dirty:               944 kB
Writeback:           116 kB
AnonPages:       3610612 kB
Mapped:            38100 kB
Shmem:             19876 kB
Slab:              86188 kB
SReclaimable:      39376 kB
SUnreclaim:        46812 kB
KernelStack:        9744 kB
PageTables:        32840 kB
NFS_Unstable:          0 kB
Bounce:                0 kB
WritebackTmp:          0 kB
CommitLimit:     1986432 kB
Committed_AS:    6526852 kB
VmallocTotal:   34359738367 kB
VmallocUsed:      331824 kB
VmallocChunk:   34359396724 kB
HardwareCorrupted:     0 kB
AnonHugePages:   1544192 kB
HugePages_Total:       0
HugePages_Free:        0
HugePages_Rsvd:        0
HugePages_Surp:        0
Hugepagesize:       2048 kB
DirectMap4k:       72968 kB
DirectMap2M:     4046848 kB


CPU:total 4 (2 cores per cpu, 2 threads per core) family 6 model 37 stepping 2, cmov, cx8, fxsr, mmx, sse, sse2, sse3, ssse3, sse4.1, sse4.2, popcnt, ht, tsc, tscinvbit

/proc/cpuinfo:
processor	: 0
vendor_id	: GenuineIntel
cpu family	: 6
model		: 37
model name	: Intel(R) Core(TM) i5 CPU       M 430  @ 2.27GHz
stepping	: 2
microcode	: 0x9
cpu MHz		: 1199.000
cache size	: 3072 KB
physical id	: 0
siblings	: 4
core id		: 0
cpu cores	: 2
apicid		: 0
initial apicid	: 0
fpu		: yes
fpu_exception	: yes
cpuid level	: 11
wp		: yes
flags		: fpu vme de pse tsc msr pae mce cx8 apic sep mtrr pge mca cmov pat pse36 clflush dts acpi mmx fxsr sse sse2 ss ht tm pbe syscall nx rdtscp lm constant_tsc arch_perfmon pebs bts rep_good nopl xtopology nonstop_tsc aperfmperf pni dtes64 monitor ds_cpl vmx est tm2 ssse3 cx16 xtpr pdcm sse4_1 sse4_2 popcnt lahf_lm ida arat dtherm tpr_shadow vnmi flexpriority ept vpid
bogomips	: 4521.75
clflush size	: 64
cache_alignment	: 64
address sizes	: 36 bits physical, 48 bits virtual
power management:

processor	: 1
vendor_id	: GenuineIntel
cpu family	: 6
model		: 37
model name	: Intel(R) Core(TM) i5 CPU       M 430  @ 2.27GHz
stepping	: 2
microcode	: 0x9
cpu MHz		: 1199.000
cache size	: 3072 KB
physical id	: 0
siblings	: 4
core id		: 0
cpu cores	: 2
apicid		: 1
initial apicid	: 1
fpu		: yes
fpu_exception	: yes
cpuid level	: 11
wp		: yes
flags		: fpu vme de pse tsc msr pae mce cx8 apic sep mtrr pge mca cmov pat pse36 clflush dts acpi mmx fxsr sse sse2 ss ht tm pbe syscall nx rdtscp lm constant_tsc arch_perfmon pebs bts rep_good nopl xtopology nonstop_tsc aperfmperf pni dtes64 monitor ds_cpl vmx est tm2 ssse3 cx16 xtpr pdcm sse4_1 sse4_2 popcnt lahf_lm ida arat dtherm tpr_shadow vnmi flexpriority ept vpid
bogomips	: 4521.75
clflush size	: 64
cache_alignment	: 64
address sizes	: 36 bits physical, 48 bits virtual
power management:

processor	: 2
vendor_id	: GenuineIntel
cpu family	: 6
model		: 37
model name	: Intel(R) Core(TM) i5 CPU       M 430  @ 2.27GHz
stepping	: 2
microcode	: 0x9
cpu MHz		: 1333.000
cache size	: 3072 KB
physical id	: 0
siblings	: 4
core id		: 2
cpu cores	: 2
apicid		: 4
initial apicid	: 4
fpu		: yes
fpu_exception	: yes
cpuid level	: 11
wp		: yes
flags		: fpu vme de pse tsc msr pae mce cx8 apic sep mtrr pge mca cmov pat pse36 clflush dts acpi mmx fxsr sse sse2 ss ht tm pbe syscall nx rdtscp lm constant_tsc arch_perfmon pebs bts rep_good nopl xtopology nonstop_tsc aperfmperf pni dtes64 monitor ds_cpl vmx est tm2 ssse3 cx16 xtpr pdcm sse4_1 sse4_2 popcnt lahf_lm ida arat dtherm tpr_shadow vnmi flexpriority ept vpid
bogomips	: 4521.75
clflush size	: 64
cache_alignment	: 64
address sizes	: 36 bits physical, 48 bits virtual
power management:

processor	: 3
vendor_id	: GenuineIntel
cpu family	: 6
model		: 37
model name	: Intel(R) Core(TM) i5 CPU       M 430  @ 2.27GHz
stepping	: 2
microcode	: 0x9
cpu MHz		: 1333.000
cache size	: 3072 KB
physical id	: 0
siblings	: 4
core id		: 2
cpu cores	: 2
apicid		: 5
initial apicid	: 5
fpu		: yes
fpu_exception	: yes
cpuid level	: 11
wp		: yes
flags		: fpu vme de pse tsc msr pae mce cx8 apic sep mtrr pge mca cmov pat pse36 clflush dts acpi mmx fxsr sse sse2 ss ht tm pbe syscall nx rdtscp lm constant_tsc arch_perfmon pebs bts rep_good nopl xtopology nonstop_tsc aperfmperf pni dtes64 monitor ds_cpl vmx est tm2 ssse3 cx16 xtpr pdcm sse4_1 sse4_2 popcnt lahf_lm ida arat dtherm tpr_shadow vnmi flexpriority ept vpid
bogomips	: 4521.75
clflush size	: 64
cache_alignment	: 64
address sizes	: 36 bits physical, 48 bits virtual
power management:



Memory: 4k page, physical 3972868k(139036k free), swap 0k(0k free)

vm_info: Java HotSpot(TM) 64-Bit Server VM (25.51-b03) for linux-amd64 JRE (1.8.0_51-b16), built on Jun  8 2015 19:28:07 by "java_re" with gcc 4.3.0 20080428 (Red Hat 4.3.0-8)

time: Sat Sep 26 17:44:23 2015
elapsed time: 5 seconds (0d 0h 0m 5s)

