#
# There is insufficient memory for the Java Runtime Environment to continue.
# Native memory allocation (mmap) failed to map 77594624 bytes for committing reserved memory.
# Possible reasons:
#   The system is out of physical RAM or swap space
#   In 32 bit mode, the process size limit was hit
# Possible solutions:
#   Reduce memory load on the system
#   Increase physical memory or swap space
#   Check if swap backing store is full
#   Use 64 bit Java on a 64 bit OS
#   Decrease Java heap size (-Xmx/-Xms)
#   Decrease number of Java threads
#   Decrease Java thread stack sizes (-Xss)
#   Set larger code cache with -XX:ReservedCodeCacheSize=
# This output file may be truncated or incomplete.
#
#  Out of Memory Error (os_linux.cpp:2673), pid=8086, tid=140500765980416
#
# JRE version: Java(TM) SE Runtime Environment (8.0_51-b16) (build 1.8.0_51-b16)
# Java VM: Java HotSpot(TM) 64-Bit Server VM (25.51-b03 mixed mode linux-amd64 compressed oops)
# Failed to write core dump. Core dumps have been disabled. To enable core dumping, try "ulimit -c unlimited" before starting Java again
#

---------------  T H R E A D  ---------------

Current thread (0x00007fc8f4078000):  VMThread [stack: 0x00007fc8e22f3000,0x00007fc8e23f4000] [id=8097]

Stack: [0x00007fc8e22f3000,0x00007fc8e23f4000],  sp=0x00007fc8e23f21e0,  free space=1020k
Native frames: (J=compiled Java code, j=interpreted, Vv=VM code, C=native code)
V  [libjvm.so+0xaaccfa]  VMError::report_and_die()+0x2ba
V  [libjvm.so+0x4f333b]  report_vm_out_of_memory(char const*, int, unsigned long, VMErrorType, char const*)+0x8b
V  [libjvm.so+0x90ea23]  os::Linux::commit_memory_impl(char*, unsigned long, bool)+0x103
V  [libjvm.so+0x90ef79]  os::pd_commit_memory(char*, unsigned long, unsigned long, bool)+0x29
V  [libjvm.so+0x9088da]  os::commit_memory(char*, unsigned long, unsigned long, bool)+0x2a
V  [libjvm.so+0x97bd23]  PSVirtualSpace::expand_by(unsigned long)+0x53
V  [libjvm.so+0x97d128]  PSYoungGen::resize_generation(unsigned long, unsigned long)+0xf8
V  [libjvm.so+0x97c282]  PSYoungGen::resize(unsigned long, unsigned long)+0x22
V  [libjvm.so+0x97955b]  PSScavenge::invoke_no_policy()+0xf7b
V  [libjvm.so+0x979ce1]  PSScavenge::invoke()+0x41
V  [libjvm.so+0x9322b0]  ParallelScavengeHeap::failed_mem_allocate(unsigned long)+0x70
V  [libjvm.so+0xaae537]  VM_ParallelGCFailedAllocation::doit()+0x97
V  [libjvm.so+0xab5d25]  VM_Operation::evaluate()+0x55
V  [libjvm.so+0xab40fa]  VMThread::evaluate_operation(VM_Operation*)+0xba
V  [libjvm.so+0xab447e]  VMThread::loop()+0x1ce
V  [libjvm.so+0xab48f0]  VMThread::run()+0x70
V  [libjvm.so+0x911048]  java_start(Thread*)+0x108

VM_Operation (0x00007fc8fcb0d570): ParallelGCFailedAllocation, mode: safepoint, requested by thread 0x00007fc8f400a800


---------------  P R O C E S S  ---------------

Java Threads: ( => current thread )
  0x00007fc8f40c1800 JavaThread "Service Thread" daemon [_thread_blocked, id=8104, stack(0x00007fc8e150a000,0x00007fc8e160b000)]
  0x00007fc8f40bc800 JavaThread "C1 CompilerThread2" daemon [_thread_blocked, id=8103, stack(0x00007fc8e160b000,0x00007fc8e170c000)]
  0x00007fc8f40bb000 JavaThread "C2 CompilerThread1" daemon [_thread_blocked, id=8102, stack(0x00007fc8e170c000,0x00007fc8e180d000)]
  0x00007fc8f40b8000 JavaThread "C2 CompilerThread0" daemon [_thread_blocked, id=8101, stack(0x00007fc8e180d000,0x00007fc8e190e000)]
  0x00007fc8f40b6800 JavaThread "Signal Dispatcher" daemon [_thread_blocked, id=8100, stack(0x00007fc8e190e000,0x00007fc8e1a0f000)]
  0x00007fc8f407f800 JavaThread "Finalizer" daemon [_thread_blocked, id=8099, stack(0x00007fc8e20f1000,0x00007fc8e21f2000)]
  0x00007fc8f407d800 JavaThread "Reference Handler" daemon [_thread_blocked, id=8098, stack(0x00007fc8e21f2000,0x00007fc8e22f3000)]
  0x00007fc8f400a800 JavaThread "main" [_thread_blocked, id=8091, stack(0x00007fc8fca0e000,0x00007fc8fcb0f000)]

Other Threads:
=>0x00007fc8f4078000 VMThread [stack: 0x00007fc8e22f3000,0x00007fc8e23f4000] [id=8097]
  0x00007fc8f40c4000 WatcherThread [stack: 0x00007fc8e1409000,0x00007fc8e150a000] [id=8105]

VM state:at safepoint (normal execution)

VM Mutex/Monitor currently owned by a thread:  ([mutex/lock_event])
[0x00007fc8f4006b90] Threads_lock - owner thread: 0x00007fc8f4078000
[0x00007fc8f4007090] Heap_lock - owner thread: 0x00007fc8f400a800

Heap:
 PSYoungGen      total 66048K, used 2538K [0x00000000eab00000, 0x00000000eee00000, 0x0000000100000000)
  eden space 63488K, 0% used [0x00000000eab00000,0x00000000eab00000,0x00000000ee900000)
  from space 2560K, 99% used [0x00000000ee900000,0x00000000eeb7a8a0,0x00000000eeb80000)
  to   space 2560K, 0% used [0x00000000eeb80000,0x00000000eeb80000,0x00000000eee00000)
 ParOldGen       total 42496K, used 16276K [0x00000000c0000000, 0x00000000c2980000, 0x00000000eab00000)
  object space 42496K, 38% used [0x00000000c0000000,0x00000000c0fe52b8,0x00000000c2980000)
 Metaspace       used 7451K, capacity 8120K, committed 8192K, reserved 1056768K
  class space    used 701K, capacity 752K, committed 768K, reserved 1048576K

Card table byte_map: [0x00007fc8f95e8000,0x00007fc8f97e9000] byte_map_base: 0x00007fc8f8fe8000

Marking Bits: (ParMarkBitMap*) 0x00007fc8fbee7660
 Begin Bits: [0x00007fc8e3000000, 0x00007fc8e4000000)
 End Bits:   [0x00007fc8e4000000, 0x00007fc8e5000000)

Polling page: 0x00007fc8fcb2e000

CodeCache: size=245760Kb used=8906Kb max_used=8916Kb free=236853Kb
 bounds [0x00007fc8e5000000, 0x00007fc8e58c0000, 0x00007fc8f4000000]
 total_blobs=2892 nmethods=2600 adapters=207
 compilation: enabled

Compilation events (10 events):
Event: 9,864 Thread 0x00007fc8f40b8000 nmethod 2630 0x00007fc8e58b5310 code [0x00007fc8e58b5480, 0x00007fc8e58b5778]
Event: 9,864 Thread 0x00007fc8f40b8000 2631       4       com.android.dex.Dex::open (104 bytes)
Event: 9,881 Thread 0x00007fc8f40b8000 nmethod 2631 0x00007fc8e58b8850 code [0x00007fc8e58b8a00, 0x00007fc8e58b8fc8]
Event: 9,881 Thread 0x00007fc8f40b8000 2673       4       com.android.dx.io.instructions.InstructionCodec$18::decode (51 bytes)
Event: 9,889 Thread 0x00007fc8f40b8000 nmethod 2673 0x00007fc8e58b4c50 code [0x00007fc8e58b4dc0, 0x00007fc8e58b5058]
Event: 9,889 Thread 0x00007fc8f40b8000 2681       4       com.android.dx.io.instructions.InstructionCodec$18::encode (29 bytes)
Event: 9,895 Thread 0x00007fc8f40b8000 nmethod 2681 0x00007fc8e58bc910 code [0x00007fc8e58bca80, 0x00007fc8e58bccf8]
Event: 9,895 Thread 0x00007fc8f40b8000 2682       4       com.android.dx.merge.DexMerger::transformCode (252 bytes)
Event: 9,907 Thread 0x00007fc8f40bc800 2690       3       java.util.regex.Pattern$Branch::match (66 bytes)
Event: 9,908 Thread 0x00007fc8f40bc800 nmethod 2690 0x00007fc8e58bc090 code [0x00007fc8e58bc240, 0x00007fc8e58bc718]

GC Heap History (9 events):
Event: 3,542 GC heap before
{Heap before GC invocations=1 (full 0):
 PSYoungGen      total 18432K, used 15872K [0x00000000eab00000, 0x00000000ebf80000, 0x0000000100000000)
  eden space 15872K, 100% used [0x00000000eab00000,0x00000000eba80000,0x00000000eba80000)
  from space 2560K, 0% used [0x00000000ebd00000,0x00000000ebd00000,0x00000000ebf80000)
  to   space 2560K, 0% used [0x00000000eba80000,0x00000000eba80000,0x00000000ebd00000)
 ParOldGen       total 42496K, used 0K [0x00000000c0000000, 0x00000000c2980000, 0x00000000eab00000)
  object space 42496K, 0% used [0x00000000c0000000,0x00000000c0000000,0x00000000c2980000)
 Metaspace       used 5397K, capacity 6704K, committed 6784K, reserved 1056768K
  class space    used 542K, capacity 616K, committed 640K, reserved 1048576K
Event: 3,587 GC heap after
Heap after GC invocations=1 (full 0):
 PSYoungGen      total 18432K, used 2544K [0x00000000eab00000, 0x00000000ecf00000, 0x0000000100000000)
  eden space 15872K, 0% used [0x00000000eab00000,0x00000000eab00000,0x00000000eba80000)
  from space 2560K, 99% used [0x00000000eba80000,0x00000000ebcfc028,0x00000000ebd00000)
  to   space 2560K, 0% used [0x00000000ecc80000,0x00000000ecc80000,0x00000000ecf00000)
 ParOldGen       total 42496K, used 1328K [0x00000000c0000000, 0x00000000c2980000, 0x00000000eab00000)
  object space 42496K, 3% used [0x00000000c0000000,0x00000000c014c3f0,0x00000000c2980000)
 Metaspace       used 5397K, capacity 6704K, committed 6784K, reserved 1056768K
  class space    used 542K, capacity 616K, committed 640K, reserved 1048576K
}
Event: 4,827 GC heap before
{Heap before GC invocations=2 (full 0):
 PSYoungGen      total 18432K, used 18416K [0x00000000eab00000, 0x00000000ecf00000, 0x0000000100000000)
  eden space 15872K, 100% used [0x00000000eab00000,0x00000000eba80000,0x00000000eba80000)
  from space 2560K, 99% used [0x00000000eba80000,0x00000000ebcfc028,0x00000000ebd00000)
  to   space 2560K, 0% used [0x00000000ecc80000,0x00000000ecc80000,0x00000000ecf00000)
 ParOldGen       total 42496K, used 1328K [0x00000000c0000000, 0x00000000c2980000, 0x00000000eab00000)
  object space 42496K, 3% used [0x00000000c0000000,0x00000000c014c3f0,0x00000000c2980000)
 Metaspace       used 5590K, capacity 6896K, committed 7040K, reserved 1056768K
  class space    used 546K, capacity 616K, committed 640K, reserved 1048576K
Event: 4,884 GC heap after
Heap after GC invocations=2 (full 0):
 PSYoungGen      total 34304K, used 2544K [0x00000000eab00000, 0x00000000ecf00000, 0x0000000100000000)
  eden space 31744K, 0% used [0x00000000eab00000,0x00000000eab00000,0x00000000eca00000)
  from space 2560K, 99% used [0x00000000ecc80000,0x00000000ecefc038,0x00000000ecf00000)
  to   space 2560K, 0% used [0x00000000eca00000,0x00000000eca00000,0x00000000ecc80000)
 ParOldGen       total 42496K, used 3637K [0x00000000c0000000, 0x00000000c2980000, 0x00000000eab00000)
  object space 42496K, 8% used [0x00000000c0000000,0x00000000c038d690,0x00000000c2980000)
 Metaspace       used 5590K, capacity 6896K, committed 7040K, reserved 1056768K
  class space    used 546K, capacity 616K, committed 640K, reserved 1048576K
}
Event: 6,150 GC heap before
{Heap before GC invocations=3 (full 0):
 PSYoungGen      total 34304K, used 34288K [0x00000000eab00000, 0x00000000ecf00000, 0x0000000100000000)
  eden space 31744K, 100% used [0x00000000eab00000,0x00000000eca00000,0x00000000eca00000)
  from space 2560K, 99% used [0x00000000ecc80000,0x00000000ecefc038,0x00000000ecf00000)
  to   space 2560K, 0% used [0x00000000eca00000,0x00000000eca00000,0x00000000ecc80000)
 ParOldGen       total 42496K, used 3637K [0x00000000c0000000, 0x00000000c2980000, 0x00000000eab00000)
  object space 42496K, 8% used [0x00000000c0000000,0x00000000c038d690,0x00000000c2980000)
 Metaspace       used 5711K, capacity 7024K, committed 7296K, reserved 1056768K
  class space    used 546K, capacity 616K, committed 640K, reserved 1048576K
Event: 6,203 GC heap after
Heap after GC invocations=3 (full 0):
 PSYoungGen      total 34304K, used 2544K [0x00000000eab00000, 0x00000000eee00000, 0x0000000100000000)
  eden space 31744K, 0% used [0x00000000eab00000,0x00000000eab00000,0x00000000eca00000)
  from space 2560K, 99% used [0x00000000eca00000,0x00000000ecc7c038,0x00000000ecc80000)
  to   space 2560K, 0% used [0x00000000eeb80000,0x00000000eeb80000,0x00000000eee00000)
 ParOldGen       total 42496K, used 8155K [0x00000000c0000000, 0x00000000c2980000, 0x00000000eab00000)
  object space 42496K, 19% used [0x00000000c0000000,0x00000000c07f6fe0,0x00000000c2980000)
 Metaspace       used 5711K, capacity 7024K, committed 7296K, reserved 1056768K
  class space    used 546K, capacity 616K, committed 640K, reserved 1048576K
}
Event: 7,453 GC heap before
{Heap before GC invocations=4 (full 0):
 PSYoungGen      total 34304K, used 34288K [0x00000000eab00000, 0x00000000eee00000, 0x0000000100000000)
  eden space 31744K, 100% used [0x00000000eab00000,0x00000000eca00000,0x00000000eca00000)
  from space 2560K, 99% used [0x00000000eca00000,0x00000000ecc7c038,0x00000000ecc80000)
  to   space 2560K, 0% used [0x00000000eeb80000,0x00000000eeb80000,0x00000000eee00000)
 ParOldGen       total 42496K, used 8155K [0x00000000c0000000, 0x00000000c2980000, 0x00000000eab00000)
  object space 42496K, 19% used [0x00000000c0000000,0x00000000c07f6fe0,0x00000000c2980000)
 Metaspace       used 6098K, capacity 7280K, committed 7552K, reserved 1056768K
  class space    used 567K, capacity 616K, committed 640K, reserved 1048576K
Event: 7,578 GC heap after
Heap after GC invocations=4 (full 0):
 PSYoungGen      total 66048K, used 2538K [0x00000000eab00000, 0x00000000eee00000, 0x0000000100000000)
  eden space 63488K, 0% used [0x00000000eab00000,0x00000000eab00000,0x00000000ee900000)
  from space 2560K, 99% used [0x00000000eeb80000,0x00000000eedfa888,0x00000000eee00000)
  to   space 2560K, 0% used [0x00000000ee900000,0x00000000ee900000,0x00000000eeb80000)
 ParOldGen       total 42496K, used 13100K [0x00000000c0000000, 0x00000000c2980000, 0x00000000eab00000)
  object space 42496K, 30% used [0x00000000c0000000,0x00000000c0ccb0e8,0x00000000c2980000)
 Metaspace       used 6098K, capacity 7280K, committed 7552K, reserved 1056768K
  class space    used 567K, capacity 616K, committed 640K, reserved 1048576K
}
Event: 9,911 GC heap before
{Heap before GC invocations=5 (full 0):
 PSYoungGen      total 66048K, used 65955K [0x00000000eab00000, 0x00000000eee00000, 0x0000000100000000)
  eden space 63488K, 99% used [0x00000000eab00000,0x00000000ee8ee730,0x00000000ee900000)
  from space 2560K, 99% used [0x00000000eeb80000,0x00000000eedfa888,0x00000000eee00000)
  to   space 2560K, 0% used [0x00000000ee900000,0x00000000ee900000,0x00000000eeb80000)
 ParOldGen       total 42496K, used 13100K [0x00000000c0000000, 0x00000000c2980000, 0x00000000eab00000)
  object space 42496K, 30% used [0x00000000c0000000,0x00000000c0ccb0e8,0x00000000c2980000)
 Metaspace       used 7451K, capacity 8120K, committed 8192K, reserved 1056768K
  class space    used 701K, capacity 752K, committed 768K, reserved 1048576K

Deoptimization events (10 events):
Event: 7,972 Thread 0x00007fc8f400a800 Uncommon trap: reason=speculate_class_check action=maybe_recompile pc=0x00007fc8e55907d0 method=java.util.HashMap.putVal(ILjava/lang/Object;Ljava/lang/Object;ZZ)Ljava/lang/Object; @ 152
Event: 7,973 Thread 0x00007fc8f400a800 Uncommon trap: reason=class_check action=maybe_recompile pc=0x00007fc8e54bacf0 method=java.util.HashMap.putVal(ILjava/lang/Object;Ljava/lang/Object;ZZ)Ljava/lang/Object; @ 56
Event: 7,973 Thread 0x00007fc8f400a800 Uncommon trap: reason=class_check action=maybe_recompile pc=0x00007fc8e54bacf0 method=java.util.HashMap.putVal(ILjava/lang/Object;Ljava/lang/Object;ZZ)Ljava/lang/Object; @ 56
Event: 7,973 Thread 0x00007fc8f400a800 Uncommon trap: reason=class_check action=maybe_recompile pc=0x00007fc8e54bacf0 method=java.util.HashMap.putVal(ILjava/lang/Object;Ljava/lang/Object;ZZ)Ljava/lang/Object; @ 56
Event: 7,973 Thread 0x00007fc8f400a800 Uncommon trap: reason=class_check action=maybe_recompile pc=0x00007fc8e54bacf0 method=java.util.HashMap.putVal(ILjava/lang/Object;Ljava/lang/Object;ZZ)Ljava/lang/Object; @ 56
Event: 8,356 Thread 0x00007fc8f400a800 Uncommon trap: reason=unstable_if action=reinterpret pc=0x00007fc8e572a348 method=java.util.HashMap.putVal(ILjava/lang/Object;Ljava/lang/Object;ZZ)Ljava/lang/Object; @ 162
Event: 8,356 Thread 0x00007fc8f400a800 Uncommon trap: reason=unstable_if action=reinterpret pc=0x00007fc8e572877c method=java.util.HashMap.putVal(ILjava/lang/Object;Ljava/lang/Object;ZZ)Ljava/lang/Object; @ 162
Event: 8,674 Thread 0x00007fc8f400a800 Uncommon trap: reason=predicate action=maybe_recompile pc=0x00007fc8e57dd5d4 method=com.android.dex.Leb128.readUnsignedLeb128(Lcom/android/dex/util/ByteInput;)I @ 41
Event: 9,149 Thread 0x00007fc8f400a800 Uncommon trap: reason=unstable_if action=reinterpret pc=0x00007fc8e525a82c method=java.util.HashMap.getNode(ILjava/lang/Object;)Ljava/util/HashMap$Node; @ 84
Event: 9,155 Thread 0x00007fc8f400a800 Uncommon trap: reason=unstable_if action=reinterpret pc=0x00007fc8e51f5af8 method=java.util.HashMap.getNode(ILjava/lang/Object;)Ljava/util/HashMap$Node; @ 84

Internal exceptions (4 events):
Event: 0,280 Thread 0x00007fc8f400a800 Exception <a 'java/lang/NoSuchMethodError': Method sun.misc.Unsafe.defineClass(Ljava/lang/String;[BII)Ljava/lang/Class; name or signature does not match> (0x00000000eab12a38) thrown at [/HUDSON/workspace/8-2-build-linux-amd64/jdk8u51/3951/hotspot/src/shar
Event: 0,280 Thread 0x00007fc8f400a800 Exception <a 'java/lang/NoSuchMethodError': Method sun.misc.Unsafe.prefetchRead(Ljava/lang/Object;J)V name or signature does not match> (0x00000000eab12cc8) thrown at [/HUDSON/workspace/8-2-build-linux-amd64/jdk8u51/3951/hotspot/src/share/vm/prims/jni.cpp
Event: 4,743 Thread 0x00007fc8f400a800 Implicit null exception at 0x00007fc8e53feb51 to 0x00007fc8e54002f9
Event: 4,744 Thread 0x00007fc8f400a800 Implicit null exception at 0x00007fc8e544c1a8 to 0x00007fc8e544e87d

Events (10 events):
Event: 9,756 Thread 0x00007fc8f400a800 DEOPT UNPACKING pc=0x00007fc8e5047233 sp=0x00007fc8fcb0cf90 mode 0
Event: 9,770 Thread 0x00007fc8f400a800 DEOPT PACKING pc=0x00007fc8e57e008e sp=0x00007fc8fcb0d230
Event: 9,770 Thread 0x00007fc8f400a800 DEOPT UNPACKING pc=0x00007fc8e5047233 sp=0x00007fc8fcb0cf70 mode 0
Event: 9,777 Thread 0x00007fc8f400a800 DEOPT PACKING pc=0x00007fc8e57e008e sp=0x00007fc8fcb0d230
Event: 9,777 Thread 0x00007fc8f400a800 DEOPT UNPACKING pc=0x00007fc8e5047233 sp=0x00007fc8fcb0cf70 mode 0
Event: 9,784 Thread 0x00007fc8f400a800 DEOPT PACKING pc=0x00007fc8e57e008e sp=0x00007fc8fcb0d230
Event: 9,784 Thread 0x00007fc8f400a800 DEOPT UNPACKING pc=0x00007fc8e5047233 sp=0x00007fc8fcb0cf70 mode 0
Event: 9,792 Thread 0x00007fc8f400a800 DEOPT PACKING pc=0x00007fc8e57e008e sp=0x00007fc8fcb0d230
Event: 9,792 Thread 0x00007fc8f400a800 DEOPT UNPACKING pc=0x00007fc8e5047233 sp=0x00007fc8fcb0cf70 mode 0
Event: 9,910 Executing VM operation: ParallelGCFailedAllocation


Dynamic libraries:
00400000-00401000 r-xp 00000000 08:01 1584714                            /usr/local/java/jdk1.8.0_51/bin/java
00600000-00601000 rw-p 00000000 08:01 1584714                            /usr/local/java/jdk1.8.0_51/bin/java
0182a000-0184b000 rw-p 00000000 00:00 0                                  [heap]
c0000000-c2980000 rw-p 00000000 00:00 0 
c2980000-eab00000 ---p 00000000 00:00 0 
eab00000-eee00000 rw-p 00000000 00:00 0 
f3800000-100000000 ---p 00000000 00:00 0 
100000000-1000c0000 rw-p 00000000 00:00 0 
1000c0000-140000000 ---p 00000000 00:00 0 
7fc8a4000000-7fc8a4021000 rw-p 00000000 00:00 0 
7fc8a4021000-7fc8a8000000 ---p 00000000 00:00 0 
7fc8ac000000-7fc8ac860000 rw-p 00000000 00:00 0 
7fc8ac860000-7fc8b0000000 ---p 00000000 00:00 0 
7fc8b0000000-7fc8b0021000 rw-p 00000000 00:00 0 
7fc8b0021000-7fc8b4000000 ---p 00000000 00:00 0 
7fc8b4000000-7fc8b497e000 rw-p 00000000 00:00 0 
7fc8b497e000-7fc8b8000000 ---p 00000000 00:00 0 
7fc8b8000000-7fc8b8d10000 rw-p 00000000 00:00 0 
7fc8b8d10000-7fc8bc000000 ---p 00000000 00:00 0 
7fc8bc000000-7fc8bc021000 rw-p 00000000 00:00 0 
7fc8bc021000-7fc8c0000000 ---p 00000000 00:00 0 
7fc8c0000000-7fc8c0021000 rw-p 00000000 00:00 0 
7fc8c0021000-7fc8c4000000 ---p 00000000 00:00 0 
7fc8c4000000-7fc8c428a000 rw-p 00000000 00:00 0 
7fc8c428a000-7fc8c8000000 ---p 00000000 00:00 0 
7fc8c8000000-7fc8c8021000 rw-p 00000000 00:00 0 
7fc8c8021000-7fc8cc000000 ---p 00000000 00:00 0 
7fc8cc000000-7fc8cc021000 rw-p 00000000 00:00 0 
7fc8cc021000-7fc8d0000000 ---p 00000000 00:00 0 
7fc8d0000000-7fc8d0021000 rw-p 00000000 00:00 0 
7fc8d0021000-7fc8d4000000 ---p 00000000 00:00 0 
7fc8d4000000-7fc8d4021000 rw-p 00000000 00:00 0 
7fc8d4021000-7fc8d8000000 ---p 00000000 00:00 0 
7fc8dc000000-7fc8dc021000 rw-p 00000000 00:00 0 
7fc8dc021000-7fc8e0000000 ---p 00000000 00:00 0 
7fc8e1409000-7fc8e140a000 ---p 00000000 00:00 0 
7fc8e140a000-7fc8e150a000 rw-p 00000000 00:00 0                          [stack:8105]
7fc8e150a000-7fc8e150d000 ---p 00000000 00:00 0 
7fc8e150d000-7fc8e160b000 rw-p 00000000 00:00 0                          [stack:8104]
7fc8e160b000-7fc8e160e000 ---p 00000000 00:00 0 
7fc8e160e000-7fc8e170c000 rw-p 00000000 00:00 0                          [stack:8103]
7fc8e170c000-7fc8e170f000 ---p 00000000 00:00 0 
7fc8e170f000-7fc8e180d000 rw-p 00000000 00:00 0                          [stack:8102]
7fc8e180d000-7fc8e1810000 ---p 00000000 00:00 0 
7fc8e1810000-7fc8e190e000 rw-p 00000000 00:00 0                          [stack:8101]
7fc8e190e000-7fc8e1911000 ---p 00000000 00:00 0 
7fc8e1911000-7fc8e1a0f000 rw-p 00000000 00:00 0                          [stack:8100]
7fc8e1a0f000-7fc8e20f1000 r--p 00000000 08:01 1580040                    /usr/lib/locale/locale-archive
7fc8e20f1000-7fc8e20f4000 ---p 00000000 00:00 0 
7fc8e20f4000-7fc8e21f2000 rw-p 00000000 00:00 0                          [stack:8099]
7fc8e21f2000-7fc8e21f5000 ---p 00000000 00:00 0 
7fc8e21f5000-7fc8e22f3000 rw-p 00000000 00:00 0                          [stack:8098]
7fc8e22f3000-7fc8e22f4000 ---p 00000000 00:00 0 
7fc8e22f4000-7fc8e5000000 rw-p 00000000 00:00 0                          [stack:8097]
7fc8e5000000-7fc8e58c0000 rwxp 00000000 00:00 0 
7fc8e58c0000-7fc8f4000000 ---p 00000000 00:00 0 
7fc8f4000000-7fc8f4397000 rw-p 00000000 00:00 0 
7fc8f4397000-7fc8f8000000 ---p 00000000 00:00 0 
7fc8f8087000-7fc8f808b000 r--s 00095000 08:01 1578930                    /usr/local/java/jdk1.8.0_51/jre/lib/jsse.jar
7fc8f808b000-7fc8f8440000 rw-p 00000000 00:00 0 
7fc8f8440000-7fc8f8618000 r--s 03d0c000 08:01 1578903                    /usr/local/java/jdk1.8.0_51/jre/lib/rt.jar
7fc8f8618000-7fc8f8dce000 rw-p 00000000 00:00 0 
7fc8f8dce000-7fc8f8e8e000 ---p 00000000 00:00 0 
7fc8f8e8e000-7fc8f908e000 rw-p 00000000 00:00 0 
7fc8f908e000-7fc8f908f000 ---p 00000000 00:00 0 
7fc8f908f000-7fc8f918f000 rw-p 00000000 00:00 0                          [stack:8096]
7fc8f918f000-7fc8f9190000 ---p 00000000 00:00 0 
7fc8f9190000-7fc8f9290000 rw-p 00000000 00:00 0                          [stack:8095]
7fc8f9290000-7fc8f9291000 ---p 00000000 00:00 0 
7fc8f9291000-7fc8f9391000 rw-p 00000000 00:00 0                          [stack:8094]
7fc8f9391000-7fc8f9392000 ---p 00000000 00:00 0 
7fc8f9392000-7fc8f94a7000 rw-p 00000000 00:00 0                          [stack:8093]
7fc8f94a7000-7fc8f95e8000 ---p 00000000 00:00 0 
7fc8f95e8000-7fc8f95fd000 rw-p 00000000 00:00 0 
7fc8f95fd000-7fc8f973d000 ---p 00000000 00:00 0 
7fc8f973d000-7fc8f975f000 rw-p 00000000 00:00 0 
7fc8f975f000-7fc8f97e8000 ---p 00000000 00:00 0 
7fc8f97e8000-7fc8f980c000 rw-p 00000000 00:00 0 
7fc8f980c000-7fc8f9ba9000 ---p 00000000 00:00 0 
7fc8f9ba9000-7fc8f9bc3000 r-xp 00000000 08:01 1579235                    /usr/local/java/jdk1.8.0_51/jre/lib/amd64/libzip.so
7fc8f9bc3000-7fc8f9dc3000 ---p 0001a000 08:01 1579235                    /usr/local/java/jdk1.8.0_51/jre/lib/amd64/libzip.so
7fc8f9dc3000-7fc8f9dc4000 rw-p 0001a000 08:01 1579235                    /usr/local/java/jdk1.8.0_51/jre/lib/amd64/libzip.so
7fc8f9dc4000-7fc8f9dcf000 r-xp 00000000 08:01 5246919                    /lib/x86_64-linux-gnu/libnss_files-2.19.so
7fc8f9dcf000-7fc8f9fce000 ---p 0000b000 08:01 5246919                    /lib/x86_64-linux-gnu/libnss_files-2.19.so
7fc8f9fce000-7fc8f9fcf000 r--p 0000a000 08:01 5246919                    /lib/x86_64-linux-gnu/libnss_files-2.19.so
7fc8f9fcf000-7fc8f9fd0000 rw-p 0000b000 08:01 5246919                    /lib/x86_64-linux-gnu/libnss_files-2.19.so
7fc8f9fd0000-7fc8f9fdb000 r-xp 00000000 08:01 5247250                    /lib/x86_64-linux-gnu/libnss_nis-2.19.so
7fc8f9fdb000-7fc8fa1da000 ---p 0000b000 08:01 5247250                    /lib/x86_64-linux-gnu/libnss_nis-2.19.so
7fc8fa1da000-7fc8fa1db000 r--p 0000a000 08:01 5247250                    /lib/x86_64-linux-gnu/libnss_nis-2.19.so
7fc8fa1db000-7fc8fa1dc000 rw-p 0000b000 08:01 5247250                    /lib/x86_64-linux-gnu/libnss_nis-2.19.so
7fc8fa1dc000-7fc8fa1f3000 r-xp 00000000 08:01 5247239                    /lib/x86_64-linux-gnu/libnsl-2.19.so
7fc8fa1f3000-7fc8fa3f2000 ---p 00017000 08:01 5247239                    /lib/x86_64-linux-gnu/libnsl-2.19.so
7fc8fa3f2000-7fc8fa3f3000 r--p 00016000 08:01 5247239                    /lib/x86_64-linux-gnu/libnsl-2.19.so
7fc8fa3f3000-7fc8fa3f4000 rw-p 00017000 08:01 5247239                    /lib/x86_64-linux-gnu/libnsl-2.19.so
7fc8fa3f4000-7fc8fa3f6000 rw-p 00000000 00:00 0 
7fc8fa3f6000-7fc8fa3ff000 r-xp 00000000 08:01 5247238                    /lib/x86_64-linux-gnu/libnss_compat-2.19.so
7fc8fa3ff000-7fc8fa5fe000 ---p 00009000 08:01 5247238                    /lib/x86_64-linux-gnu/libnss_compat-2.19.so
7fc8fa5fe000-7fc8fa5ff000 r--p 00008000 08:01 5247238                    /lib/x86_64-linux-gnu/libnss_compat-2.19.so
7fc8fa5ff000-7fc8fa600000 rw-p 00009000 08:01 5247238                    /lib/x86_64-linux-gnu/libnss_compat-2.19.so
7fc8fa600000-7fc8fa62a000 r-xp 00000000 08:01 1579227                    /usr/local/java/jdk1.8.0_51/jre/lib/amd64/libjava.so
7fc8fa62a000-7fc8fa82a000 ---p 0002a000 08:01 1579227                    /usr/local/java/jdk1.8.0_51/jre/lib/amd64/libjava.so
7fc8fa82a000-7fc8fa82c000 rw-p 0002a000 08:01 1579227                    /usr/local/java/jdk1.8.0_51/jre/lib/amd64/libjava.so
7fc8fa82c000-7fc8fa839000 r-xp 00000000 08:01 1579229                    /usr/local/java/jdk1.8.0_51/jre/lib/amd64/libverify.so
7fc8fa839000-7fc8faa39000 ---p 0000d000 08:01 1579229                    /usr/local/java/jdk1.8.0_51/jre/lib/amd64/libverify.so
7fc8faa39000-7fc8faa3b000 rw-p 0000d000 08:01 1579229                    /usr/local/java/jdk1.8.0_51/jre/lib/amd64/libverify.so
7fc8faa3b000-7fc8faa42000 r-xp 00000000 08:01 5247247                    /lib/x86_64-linux-gnu/librt-2.19.so
7fc8faa42000-7fc8fac41000 ---p 00007000 08:01 5247247                    /lib/x86_64-linux-gnu/librt-2.19.so
7fc8fac41000-7fc8fac42000 r--p 00006000 08:01 5247247                    /lib/x86_64-linux-gnu/librt-2.19.so
7fc8fac42000-7fc8fac43000 rw-p 00007000 08:01 5247247                    /lib/x86_64-linux-gnu/librt-2.19.so
7fc8fac43000-7fc8fad48000 r-xp 00000000 08:01 5242906                    /lib/x86_64-linux-gnu/libm-2.19.so
7fc8fad48000-7fc8faf47000 ---p 00105000 08:01 5242906                    /lib/x86_64-linux-gnu/libm-2.19.so
7fc8faf47000-7fc8faf48000 r--p 00104000 08:01 5242906                    /lib/x86_64-linux-gnu/libm-2.19.so
7fc8faf48000-7fc8faf49000 rw-p 00105000 08:01 5242906                    /lib/x86_64-linux-gnu/libm-2.19.so
7fc8faf49000-7fc8fbbf7000 r-xp 00000000 08:01 1579202                    /usr/local/java/jdk1.8.0_51/jre/lib/amd64/server/libjvm.so
7fc8fbbf7000-7fc8fbdf7000 ---p 00cae000 08:01 1579202                    /usr/local/java/jdk1.8.0_51/jre/lib/amd64/server/libjvm.so
7fc8fbdf7000-7fc8fbece000 rw-p 00cae000 08:01 1579202                    /usr/local/java/jdk1.8.0_51/jre/lib/amd64/server/libjvm.so
7fc8fbece000-7fc8fbf12000 rw-p 00000000 00:00 0 
7fc8fbf12000-7fc8fc0cd000 r-xp 00000000 08:01 5247244                    /lib/x86_64-linux-gnu/libc-2.19.so
7fc8fc0cd000-7fc8fc2cc000 ---p 001bb000 08:01 5247244                    /lib/x86_64-linux-gnu/libc-2.19.so
7fc8fc2cc000-7fc8fc2d0000 r--p 001ba000 08:01 5247244                    /lib/x86_64-linux-gnu/libc-2.19.so
7fc8fc2d0000-7fc8fc2d2000 rw-p 001be000 08:01 5247244                    /lib/x86_64-linux-gnu/libc-2.19.so
7fc8fc2d2000-7fc8fc2d7000 rw-p 00000000 00:00 0 
7fc8fc2d7000-7fc8fc2da000 r-xp 00000000 08:01 5247233                    /lib/x86_64-linux-gnu/libdl-2.19.so
7fc8fc2da000-7fc8fc4d9000 ---p 00003000 08:01 5247233                    /lib/x86_64-linux-gnu/libdl-2.19.so
7fc8fc4d9000-7fc8fc4da000 r--p 00002000 08:01 5247233                    /lib/x86_64-linux-gnu/libdl-2.19.so
7fc8fc4da000-7fc8fc4db000 rw-p 00003000 08:01 5247233                    /lib/x86_64-linux-gnu/libdl-2.19.so
7fc8fc4db000-7fc8fc4f0000 r-xp 00000000 08:01 1579928                    /usr/local/java/jdk1.8.0_51/lib/amd64/jli/libjli.so
7fc8fc4f0000-7fc8fc6f0000 ---p 00015000 08:01 1579928                    /usr/local/java/jdk1.8.0_51/lib/amd64/jli/libjli.so
7fc8fc6f0000-7fc8fc6f1000 rw-p 00015000 08:01 1579928                    /usr/local/java/jdk1.8.0_51/lib/amd64/jli/libjli.so
7fc8fc6f1000-7fc8fc70a000 r-xp 00000000 08:01 5247245                    /lib/x86_64-linux-gnu/libpthread-2.19.so
7fc8fc70a000-7fc8fc909000 ---p 00019000 08:01 5247245                    /lib/x86_64-linux-gnu/libpthread-2.19.so
7fc8fc909000-7fc8fc90a000 r--p 00018000 08:01 5247245                    /lib/x86_64-linux-gnu/libpthread-2.19.so
7fc8fc90a000-7fc8fc90b000 rw-p 00019000 08:01 5247245                    /lib/x86_64-linux-gnu/libpthread-2.19.so
7fc8fc90b000-7fc8fc90f000 rw-p 00000000 00:00 0 
7fc8fc90f000-7fc8fc932000 r-xp 00000000 08:01 5247241                    /lib/x86_64-linux-gnu/ld-2.19.so
7fc8fc935000-7fc8fca0e000 rw-p 00000000 00:00 0 
7fc8fca0e000-7fc8fca11000 ---p 00000000 00:00 0 
7fc8fca11000-7fc8fcb13000 rw-p 00000000 00:00 0                          [stack:8091]
7fc8fcb15000-7fc8fcb16000 rw-p 00000000 00:00 0 
7fc8fcb16000-7fc8fcb25000 r--s 000dd000 00:19 2233621                    /home/ricard/Android/Sdk/build-tools/22.0.1/lib/dx.jar
7fc8fcb25000-7fc8fcb2d000 rw-s 00000000 08:01 3671836                    /tmp/hsperfdata_ricard/8086
7fc8fcb2d000-7fc8fcb2e000 rw-p 00000000 00:00 0 
7fc8fcb2e000-7fc8fcb2f000 ---p 00000000 00:00 0 
7fc8fcb2f000-7fc8fcb31000 rw-p 00000000 00:00 0 
7fc8fcb31000-7fc8fcb32000 r--p 00022000 08:01 5247241                    /lib/x86_64-linux-gnu/ld-2.19.so
7fc8fcb32000-7fc8fcb33000 rw-p 00023000 08:01 5247241                    /lib/x86_64-linux-gnu/ld-2.19.so
7fc8fcb33000-7fc8fcb34000 rw-p 00000000 00:00 0 
7fffb7dc4000-7fffb7de5000 rw-p 00000000 00:00 0                          [stack]
7fffb7df9000-7fffb7dfb000 r-xp 00000000 00:00 0                          [vdso]
7fffb7dfb000-7fffb7dfd000 r--p 00000000 00:00 0                          [vvar]
ffffffffff600000-ffffffffff601000 r-xp 00000000 00:00 0                  [vsyscall]

VM Arguments:
jvm_args: -Xmx1024M -Dfile.encoding=UTF-8 -Duser.country=US -Duser.language=en -Duser.variant 
java_command: com.android.dx.command.Main --dex --output /home/ricard/AndroidStudioProjects/Arbre/app/build/intermediates/dex/debug /home/ricard/AndroidStudioProjects/Arbre/app/build/intermediates/classes/debug /home/ricard/AndroidStudioProjects/Arbre/app/build/intermediates/pre-dexed/debug/support-annotations-22.0.0-e5a999eef44784e3f866b752052d78f83f3f8684.jar /home/ricard/AndroidStudioProjects/Arbre/app/build/intermediates/pre-dexed/debug/httpmime-4.3.5-0a10cf847f0e225d3e679ce686e3d4fbdb7baac5.jar /home/ricard/AndroidStudioProjects/Arbre/app/build/intermediates/pre-dexed/debug/internal_impl-22.0.0-348cd71454350b8b4074991cffb21fe24c15ea5e.jar /home/ricard/AndroidStudioProjects/Arbre/app/build/intermediates/pre-dexed/debug/commons-io-2.4-b067a5cdab849041203da973dbf8353e19fe971d.jar /home/ricard/AndroidStudioProjects/Arbre/app/build/intermediates/pre-dexed/debug/httpcore-4.3.2-b93b06147f85c167b351cfe4501cfbb7803838ba.jar /home/ricard/AndroidStudioProjects/Arbre/app/build/intermediates/pre-dexed/debug/classes-69bd79125408642913ab5533f950c7143d25a649.jar /home/ricard/AndroidStudioProjects/Arbre/app/build/intermediates/pre-dexed/debug/classes-f4e33ef9335f416108b506429c1f849bd967d082.jar /home/ricard/AndroidStudioProjects/Arbre/app/build/intermediates/pre-dexed/debug/classes-869e951c6624cbe0d336d72f77b7f4e35a905e74.jar
java_class_path (initial): /home/ricard/Android/Sdk/build-tools/22.0.1/lib/dx.jar
Launcher Type: SUN_STANDARD

Environment Variables:
JAVA_HOME=/usr/local/java/jdk1.8.0_51
JRE_HOME=/usr/local/java/jdk1.8.0_51/jre
PATH=/usr/local/sbin:/usr/local/bin:/usr/sbin:/usr/bin:/sbin:/bin:/usr/games:/usr/local/games:/home/ricard/bin:/usr/local/java/jdk1.8.0_51/bin:/home/ricard/bin:/usr/local/java/jdk1.8.0_51/jre/bin
SHELL=/bin/bash
DISPLAY=:0

Signal Handlers:
SIGSEGV: [libjvm.so+0xaad540], sa_mask[0]=11111111011111111101111111111110, sa_flags=SA_RESTART|SA_SIGINFO
SIGBUS: [libjvm.so+0xaad540], sa_mask[0]=11111111011111111101111111111110, sa_flags=SA_RESTART|SA_SIGINFO
SIGFPE: [libjvm.so+0x90b6b0], sa_mask[0]=11111111011111111101111111111110, sa_flags=SA_RESTART|SA_SIGINFO
SIGPIPE: [libjvm.so+0x90b6b0], sa_mask[0]=11111111011111111101111111111110, sa_flags=SA_RESTART|SA_SIGINFO
SIGXFSZ: [libjvm.so+0x90b6b0], sa_mask[0]=11111111011111111101111111111110, sa_flags=SA_RESTART|SA_SIGINFO
SIGILL: [libjvm.so+0x90b6b0], sa_mask[0]=11111111011111111101111111111110, sa_flags=SA_RESTART|SA_SIGINFO
SIGUSR1: SIG_DFL, sa_mask[0]=00000000000000000000000000000000, sa_flags=none
SIGUSR2: [libjvm.so+0x90ccf0], sa_mask[0]=00100000000000000000000000000000, sa_flags=SA_RESTART|SA_SIGINFO
SIGHUP: [libjvm.so+0x90e040], sa_mask[0]=11111111011111111101111111111110, sa_flags=SA_RESTART|SA_SIGINFO
SIGINT: [libjvm.so+0x90e040], sa_mask[0]=11111111011111111101111111111110, sa_flags=SA_RESTART|SA_SIGINFO
SIGTERM: [libjvm.so+0x90e040], sa_mask[0]=11111111011111111101111111111110, sa_flags=SA_RESTART|SA_SIGINFO
SIGQUIT: [libjvm.so+0x90e040], sa_mask[0]=11111111011111111101111111111110, sa_flags=SA_RESTART|SA_SIGINFO


---------------  S Y S T E M  ---------------

OS:DISTRIB_ID=Ubuntu
DISTRIB_RELEASE=14.04
DISTRIB_CODENAME=trusty
DISTRIB_DESCRIPTION="Ubuntu 14.04.3 LTS"

uname:Linux 3.16.0-48-generic #64~14.04.1-Ubuntu SMP Thu Aug 20 23:03:57 UTC 2015 x86_64
libc:glibc 2.19 NPTL 2.19 
rlimit: STACK 8192k, CORE 0k, NPROC 15402, NOFILE 4096, AS infinity
load average:3,25 2,35 2,22

/proc/meminfo:
MemTotal:        3972868 kB
MemFree:          109184 kB
MemAvailable:      56648 kB
Buffers:             456 kB
Cached:            44448 kB
SwapCached:            0 kB
Active:          3634704 kB
Inactive:          38588 kB
Active(anon):    3631892 kB
Inactive(anon):    17068 kB
Active(file):       2812 kB
Inactive(file):    21520 kB
Unevictable:          32 kB
Mlocked:              32 kB
SwapTotal:             0 kB
SwapFree:              0 kB
Dirty:               444 kB
Writeback:             0 kB
AnonPages:       3629148 kB
Mapped:            34520 kB
Shmem:             19876 kB
Slab:              86628 kB
SReclaimable:      39520 kB
SUnreclaim:        47108 kB
KernelStack:        9984 kB
PageTables:        32896 kB
NFS_Unstable:          0 kB
Bounce:                0 kB
WritebackTmp:          0 kB
CommitLimit:     1986432 kB
Committed_AS:    6541876 kB
VmallocTotal:   34359738367 kB
VmallocUsed:      331824 kB
VmallocChunk:   34359396724 kB
HardwareCorrupted:     0 kB
AnonHugePages:   1540096 kB
HugePages_Total:       0
HugePages_Free:        0
HugePages_Rsvd:        0
HugePages_Surp:        0
Hugepagesize:       2048 kB
DirectMap4k:       72968 kB
DirectMap2M:     4046848 kB


CPU:total 4 (2 cores per cpu, 2 threads per core) family 6 model 37 stepping 2, cmov, cx8, fxsr, mmx, sse, sse2, sse3, ssse3, sse4.1, sse4.2, popcnt, ht, tsc, tscinvbit

/proc/cpuinfo:
processor	: 0
vendor_id	: GenuineIntel
cpu family	: 6
model		: 37
model name	: Intel(R) Core(TM) i5 CPU       M 430  @ 2.27GHz
stepping	: 2
microcode	: 0x9
cpu MHz		: 1199.000
cache size	: 3072 KB
physical id	: 0
siblings	: 4
core id		: 0
cpu cores	: 2
apicid		: 0
initial apicid	: 0
fpu		: yes
fpu_exception	: yes
cpuid level	: 11
wp		: yes
flags		: fpu vme de pse tsc msr pae mce cx8 apic sep mtrr pge mca cmov pat pse36 clflush dts acpi mmx fxsr sse sse2 ss ht tm pbe syscall nx rdtscp lm constant_tsc arch_perfmon pebs bts rep_good nopl xtopology nonstop_tsc aperfmperf pni dtes64 monitor ds_cpl vmx est tm2 ssse3 cx16 xtpr pdcm sse4_1 sse4_2 popcnt lahf_lm ida arat dtherm tpr_shadow vnmi flexpriority ept vpid
bogomips	: 4521.75
clflush size	: 64
cache_alignment	: 64
address sizes	: 36 bits physical, 48 bits virtual
power management:

processor	: 1
vendor_id	: GenuineIntel
cpu family	: 6
model		: 37
model name	: Intel(R) Core(TM) i5 CPU       M 430  @ 2.27GHz
stepping	: 2
microcode	: 0x9
cpu MHz		: 1199.000
cache size	: 3072 KB
physical id	: 0
siblings	: 4
core id		: 0
cpu cores	: 2
apicid		: 1
initial apicid	: 1
fpu		: yes
fpu_exception	: yes
cpuid level	: 11
wp		: yes
flags		: fpu vme de pse tsc msr pae mce cx8 apic sep mtrr pge mca cmov pat pse36 clflush dts acpi mmx fxsr sse sse2 ss ht tm pbe syscall nx rdtscp lm constant_tsc arch_perfmon pebs bts rep_good nopl xtopology nonstop_tsc aperfmperf pni dtes64 monitor ds_cpl vmx est tm2 ssse3 cx16 xtpr pdcm sse4_1 sse4_2 popcnt lahf_lm ida arat dtherm tpr_shadow vnmi flexpriority ept vpid
bogomips	: 4521.75
clflush size	: 64
cache_alignment	: 64
address sizes	: 36 bits physical, 48 bits virtual
power management:

processor	: 2
vendor_id	: GenuineIntel
cpu family	: 6
model		: 37
model name	: Intel(R) Core(TM) i5 CPU       M 430  @ 2.27GHz
stepping	: 2
microcode	: 0x9
cpu MHz		: 1199.000
cache size	: 3072 KB
physical id	: 0
siblings	: 4
core id		: 2
cpu cores	: 2
apicid		: 4
initial apicid	: 4
fpu		: yes
fpu_exception	: yes
cpuid level	: 11
wp		: yes
flags		: fpu vme de pse tsc msr pae mce cx8 apic sep mtrr pge mca cmov pat pse36 clflush dts acpi mmx fxsr sse sse2 ss ht tm pbe syscall nx rdtscp lm constant_tsc arch_perfmon pebs bts rep_good nopl xtopology nonstop_tsc aperfmperf pni dtes64 monitor ds_cpl vmx est tm2 ssse3 cx16 xtpr pdcm sse4_1 sse4_2 popcnt lahf_lm ida arat dtherm tpr_shadow vnmi flexpriority ept vpid
bogomips	: 4521.75
clflush size	: 64
cache_alignment	: 64
address sizes	: 36 bits physical, 48 bits virtual
power management:

processor	: 3
vendor_id	: GenuineIntel
cpu family	: 6
model		: 37
model name	: Intel(R) Core(TM) i5 CPU       M 430  @ 2.27GHz
stepping	: 2
microcode	: 0x9
cpu MHz		: 1199.000
cache size	: 3072 KB
physical id	: 0
siblings	: 4
core id		: 2
cpu cores	: 2
apicid		: 5
initial apicid	: 5
fpu		: yes
fpu_exception	: yes
cpuid level	: 11
wp		: yes
flags		: fpu vme de pse tsc msr pae mce cx8 apic sep mtrr pge mca cmov pat pse36 clflush dts acpi mmx fxsr sse sse2 ss ht tm pbe syscall nx rdtscp lm constant_tsc arch_perfmon pebs bts rep_good nopl xtopology nonstop_tsc aperfmperf pni dtes64 monitor ds_cpl vmx est tm2 ssse3 cx16 xtpr pdcm sse4_1 sse4_2 popcnt lahf_lm ida arat dtherm tpr_shadow vnmi flexpriority ept vpid
bogomips	: 4521.75
clflush size	: 64
cache_alignment	: 64
address sizes	: 36 bits physical, 48 bits virtual
power management:



Memory: 4k page, physical 3972868k(105448k free), swap 0k(0k free)

vm_info: Java HotSpot(TM) 64-Bit Server VM (25.51-b03) for linux-amd64 JRE (1.8.0_51-b16), built on Jun  8 2015 19:28:07 by "java_re" with gcc 4.3.0 20080428 (Red Hat 4.3.0-8)

time: Sat Sep 26 17:48:32 2015
elapsed time: 10 seconds (0d 0h 0m 10s)

